[2023-02-24T10:46:31.003] [INFO] http - { id: '2' }
[2023-02-24T10:46:31.013] [INFO] http - {}
[2023-02-24T10:46:37.233] [INFO] http - {}
[2023-02-24T10:46:38.780] [INFO] http - {}
[2023-02-24T10:46:44.424] [INFO] http - {}
[2023-02-24T10:47:14.008] [INFO] http - [Object: null prototype] {
  name: 'Asuka1204',
  mail: 'asuka@gmail.com',
  password: 'Shikinami1204',
  repassword: 'Shikinami1204'
}
[2023-02-24T10:47:33.012] [INFO] http - {}
[2023-02-24T10:47:39.156] [INFO] http - [Object: null prototype] {
  name: 'Asuka1204',
  password: 'Shikinami1204'
}
[2023-02-24T10:47:40.897] [INFO] http - [Object: null prototype] {
  name: 'Asuka1204',
  password: 'Shikinami1204'
}
[2023-02-24T10:47:42.632] [INFO] http - {}
[2023-02-24T10:47:48.951] [INFO] http - {}
[2023-02-24T10:47:50.690] [INFO] http - {}
[2023-02-24T10:47:51.846] [INFO] http - {}
[2023-02-24T10:47:57.786] [INFO] http - {}
[2023-02-24T10:48:03.585] [INFO] http - {}
[2023-02-24T10:48:06.804] [INFO] http - {}
[2023-02-24T10:48:18.617] [INFO] http - [Object: null prototype] {
  name: 'Asuka1204',
  password: 'Shikinami1204'
}
[2023-02-24T10:48:20.361] [INFO] http - {}
[2023-02-24T10:48:22.995] [INFO] http - {}
[2023-02-24T10:48:25.256] [INFO] http - {}
[2023-02-24T10:48:30.094] [INFO] http - {}
[2023-02-24T10:48:31.232] [INFO] http - {}
[2023-02-24T10:48:41.106] [INFO] http - [Object: null prototype] {
  name: 'Asuka1204',
  password: 'Shikinami1204'
}
[2023-02-24T10:48:42.839] [INFO] http - {}
[2023-02-24T14:15:11.800] [INFO] http - {}
[2023-02-24T14:15:23.839] [INFO] http - [Object: null prototype] {
  name: 'Asuka1204',
  password: 'Shikinami1204'
}
[2023-02-24T14:45:37.287] [INFO] http - {}
[2023-02-24T14:45:38.661] [INFO] http - {}
[2023-02-24T14:45:50.360] [INFO] http - [Object: null prototype] {
  name: 'Asuka1204',
  password: 'Shikinami1204'
}
[2023-02-24T15:11:33.367] [INFO] http - {}
[2023-02-24T15:11:36.844] [INFO] http - {}
[2023-02-24T15:11:42.966] [INFO] http - {}
[2023-02-24T15:11:44.260] [INFO] http - {}
[2023-02-24T15:21:56.955] [INFO] http - {}
[2023-02-24T15:22:04.838] [INFO] http - [Object: null prototype] {
  name: 'Asuka1204',
  password: 'Shikinami1204'
}
