[2023-02-18T06:01:52.237] [INFO] system - App start
[2023-02-18T06:04:43.606] [INFO] system - App start
[2023-02-18T06:07:33.765] [INFO] system - App start
[2023-02-18T06:11:43.267] [INFO] system - App start
[2023-02-18T06:11:43.258] [INFO] system - select start
[2023-02-18T06:20:03.810] [INFO] system - App start
[2023-02-18T06:20:03.800] [INFO] system - select start
[2023-02-18T06:21:22.839] [INFO] system - select start
[2023-02-18T06:21:22.851] [INFO] system - App start
[2023-02-18T06:29:40.330] [INFO] system - App start
[2023-02-18T06:29:40.321] [INFO] system - select start
[2023-02-18T06:30:18.316] [INFO] system - select start
[2023-02-18T06:30:18.326] [INFO] system - App start
[2023-02-18T06:47:31.273] [INFO] system - users start
[2023-02-18T06:47:31.281] [INFO] system - record start
[2023-02-18T06:47:31.286] [INFO] system - track start
[2023-02-18T06:47:31.290] [INFO] system - select start
[2023-02-18T06:47:31.294] [INFO] system - book start
[2023-02-18T06:47:31.299] [INFO] system - todo start
[2023-02-18T06:47:31.303] [INFO] system - memo start
[2023-02-18T06:47:31.309] [INFO] system - App start
[2023-02-18T06:57:05.463] [INFO] system - users start
[2023-02-18T06:57:05.470] [INFO] system - record start
[2023-02-18T06:57:05.475] [INFO] system - track start
[2023-02-18T06:57:05.480] [INFO] system - select start
[2023-02-18T06:57:05.484] [INFO] system - book start
[2023-02-18T06:57:05.488] [INFO] system - todo start
[2023-02-18T06:57:05.491] [INFO] system - memo start
[2023-02-18T06:57:05.498] [INFO] system - App start
[2023-02-18T06:59:03.677] [INFO] system - users start
[2023-02-18T06:59:03.684] [INFO] system - record start
[2023-02-18T06:59:03.688] [INFO] system - track start
[2023-02-18T06:59:03.693] [INFO] system - select start
[2023-02-18T06:59:03.696] [INFO] system - book start
[2023-02-18T06:59:03.700] [INFO] system - todo start
[2023-02-18T06:59:03.703] [INFO] system - memo start
[2023-02-18T06:59:03.709] [INFO] system - App start
[2023-02-18T07:00:11.530] [INFO] system - users start
[2023-02-18T07:00:11.537] [INFO] system - record start
[2023-02-18T07:00:11.542] [INFO] system - track start
[2023-02-18T07:00:11.548] [INFO] system - select start
[2023-02-18T07:00:11.552] [INFO] system - book start
[2023-02-18T07:00:11.557] [INFO] system - todo start
[2023-02-18T07:00:11.561] [INFO] system - memo start
[2023-02-18T07:00:11.568] [INFO] system - App start
[2023-02-18T07:07:29.901] [INFO] system - users start
[2023-02-18T07:07:29.908] [INFO] system - record start
[2023-02-18T07:07:29.913] [INFO] system - track start
[2023-02-18T07:07:29.916] [INFO] system - select start
[2023-02-18T07:07:29.919] [INFO] system - book start
[2023-02-18T07:07:29.923] [INFO] system - todo start
[2023-02-18T07:07:29.926] [INFO] system - memo start
[2023-02-18T07:07:29.931] [INFO] system - App start
[2023-02-18T07:10:54.855] [INFO] system - users start
[2023-02-18T07:10:54.863] [INFO] system - record start
[2023-02-18T07:10:54.868] [INFO] system - track start
[2023-02-18T07:10:54.873] [INFO] system - select start
[2023-02-18T07:10:54.877] [INFO] system - book start
[2023-02-18T07:10:54.881] [INFO] system - todo start
[2023-02-18T07:10:54.885] [INFO] system - memo start
[2023-02-18T07:10:54.891] [INFO] system - App start
[2023-02-18T07:12:29.615] [INFO] system - users start
[2023-02-18T07:12:29.622] [INFO] system - record start
[2023-02-18T07:12:29.627] [INFO] system - track start
[2023-02-18T07:12:29.630] [INFO] system - select start
[2023-02-18T07:12:29.633] [INFO] system - book start
[2023-02-18T07:12:29.637] [INFO] system - todo start
[2023-02-18T07:12:29.640] [INFO] system - memo start
[2023-02-18T07:12:29.645] [INFO] system - App start
[2023-02-18T07:30:43.443] [INFO] system - record start
[2023-02-18T07:30:43.437] [INFO] system - users start
[2023-02-18T07:30:43.448] [INFO] system - track start
[2023-02-18T07:30:43.452] [INFO] system - select start
[2023-02-18T07:30:43.455] [INFO] system - book start
[2023-02-18T07:30:43.459] [INFO] system - todo start
[2023-02-18T07:30:43.462] [INFO] system - memo start
[2023-02-18T07:30:43.467] [INFO] system - App start
[2023-02-18T07:31:26.578] [INFO] system - users start
[2023-02-18T07:31:26.585] [INFO] system - record start
[2023-02-18T07:31:26.590] [INFO] system - track start
[2023-02-18T07:31:26.594] [INFO] system - select start
[2023-02-18T07:31:26.598] [INFO] system - book start
[2023-02-18T07:31:26.602] [INFO] system - todo start
[2023-02-18T07:31:26.606] [INFO] system - memo start
[2023-02-18T07:31:26.611] [INFO] system - App start
[2023-02-18T07:31:43.723] [INFO] system - users start
[2023-02-18T07:31:43.729] [INFO] system - record start
[2023-02-18T07:31:43.735] [INFO] system - track start
[2023-02-18T07:31:43.739] [INFO] system - select start
[2023-02-18T07:31:43.743] [INFO] system - book start
[2023-02-18T07:31:43.747] [INFO] system - todo start
[2023-02-18T07:31:43.751] [INFO] system - memo start
[2023-02-18T07:31:43.756] [INFO] system - App start
[2023-02-18T07:33:56.503] [INFO] system - users start
[2023-02-18T07:33:56.509] [INFO] system - record start
[2023-02-18T07:33:56.513] [INFO] system - track start
[2023-02-18T07:33:56.517] [INFO] system - select start
[2023-02-18T07:33:56.520] [INFO] system - book start
[2023-02-18T07:33:56.524] [INFO] system - todo start
[2023-02-18T07:33:56.527] [INFO] system - memo start
[2023-02-18T07:33:56.532] [INFO] system - App start
[2023-02-18T07:34:32.241] [INFO] system - users start
[2023-02-18T07:34:32.248] [INFO] system - record start
[2023-02-18T07:34:32.252] [INFO] system - track start
[2023-02-18T07:34:32.256] [INFO] system - select start
[2023-02-18T07:34:32.259] [INFO] system - book start
[2023-02-18T07:34:32.263] [INFO] system - todo start
[2023-02-18T07:34:32.266] [INFO] system - memo start
[2023-02-18T07:34:32.271] [INFO] system - App start
[2023-02-18T07:39:38.844] [INFO] system - users start
[2023-02-18T07:39:38.851] [INFO] system - record start
[2023-02-18T07:39:38.856] [INFO] system - track start
[2023-02-18T07:39:38.859] [INFO] system - select start
[2023-02-18T07:39:38.863] [INFO] system - book start
[2023-02-18T07:39:38.866] [INFO] system - todo start
[2023-02-18T07:39:38.869] [INFO] system - memo start
[2023-02-18T07:39:38.874] [INFO] system - App start
[2023-02-19T07:54:24.080] [INFO] system - users start
[2023-02-19T07:54:24.086] [INFO] system - record start
[2023-02-19T07:54:24.091] [INFO] system - track start
[2023-02-19T07:54:24.094] [INFO] system - select start
[2023-02-19T07:54:24.098] [INFO] system - book start
[2023-02-19T07:54:24.101] [INFO] system - todo start
[2023-02-19T07:54:24.104] [INFO] system - memo start
[2023-02-19T07:54:24.109] [INFO] system - App start
[2023-02-19T07:57:18.240] [INFO] system - users start
[2023-02-19T07:57:18.247] [INFO] system - record start
[2023-02-19T07:57:18.252] [INFO] system - track start
[2023-02-19T07:57:18.256] [INFO] system - select start
[2023-02-19T07:57:18.260] [INFO] system - book start
[2023-02-19T07:57:18.264] [INFO] system - todo start
[2023-02-19T07:57:18.268] [INFO] system - memo start
[2023-02-19T07:57:18.274] [INFO] system - App start
[2023-02-19T08:02:34.716] [INFO] system - users start
[2023-02-19T08:02:34.722] [INFO] system - record start
[2023-02-19T08:02:34.727] [INFO] system - track start
[2023-02-19T08:02:34.731] [INFO] system - select start
[2023-02-19T08:02:34.734] [INFO] system - book start
[2023-02-19T08:02:34.737] [INFO] system - todo start
[2023-02-19T08:02:34.740] [INFO] system - memo start
[2023-02-19T08:02:34.745] [INFO] system - App start
[2023-02-19T08:04:16.189] [INFO] system - users start
[2023-02-19T08:04:16.195] [INFO] system - record start
[2023-02-19T08:04:16.199] [INFO] system - track start
[2023-02-19T08:04:16.203] [INFO] system - select start
[2023-02-19T08:04:16.206] [INFO] system - book start
[2023-02-19T08:04:16.209] [INFO] system - todo start
[2023-02-19T08:04:16.212] [INFO] system - memo start
[2023-02-19T08:04:16.217] [INFO] system - App start
[2023-02-19T08:08:59.244] [INFO] system - users start
[2023-02-19T08:08:59.251] [INFO] system - record start
[2023-02-19T08:08:59.257] [INFO] system - track start
[2023-02-19T08:08:59.261] [INFO] system - select start
[2023-02-19T08:08:59.264] [INFO] system - book start
[2023-02-19T08:08:59.268] [INFO] system - todo start
[2023-02-19T08:08:59.272] [INFO] system - memo start
[2023-02-19T08:08:59.277] [INFO] system - App start
[2023-02-19T08:10:58.907] [INFO] system - users start
[2023-02-19T08:10:58.913] [INFO] system - record start
[2023-02-19T08:10:58.918] [INFO] system - track start
[2023-02-19T08:10:58.921] [INFO] system - select start
[2023-02-19T08:10:58.925] [INFO] system - book start
[2023-02-19T08:10:58.929] [INFO] system - todo start
[2023-02-19T08:10:58.933] [INFO] system - memo start
[2023-02-19T08:10:58.939] [INFO] system - App start
[2023-02-19T08:13:56.060] [INFO] system - users start
[2023-02-19T08:13:56.066] [INFO] system - record start
[2023-02-19T08:13:56.071] [INFO] system - track start
[2023-02-19T08:13:56.074] [INFO] system - select start
[2023-02-19T08:13:56.078] [INFO] system - book start
[2023-02-19T08:13:56.081] [INFO] system - todo start
[2023-02-19T08:13:56.084] [INFO] system - memo start
[2023-02-19T08:13:56.090] [INFO] system - App start
[2023-02-19T08:23:32.151] [INFO] system - users start
[2023-02-19T08:23:32.158] [INFO] system - record start
[2023-02-19T08:23:32.163] [INFO] system - track start
[2023-02-19T08:23:32.167] [INFO] system - select start
[2023-02-19T08:23:32.170] [INFO] system - book start
[2023-02-19T08:23:32.175] [INFO] system - todo start
[2023-02-19T08:23:32.178] [INFO] system - memo start
[2023-02-19T08:23:32.184] [INFO] system - App start
[2023-02-19T08:28:07.136] [INFO] system - users start
[2023-02-19T08:28:07.150] [INFO] system - track start
[2023-02-19T08:28:07.144] [INFO] system - record start
[2023-02-19T08:28:07.154] [INFO] system - select start
[2023-02-19T08:28:07.158] [INFO] system - book start
[2023-02-19T08:28:07.162] [INFO] system - todo start
[2023-02-19T08:28:07.166] [INFO] system - memo start
[2023-02-19T08:28:07.172] [INFO] system - App start
[2023-02-19T08:28:46.140] [INFO] system - users start
[2023-02-19T08:28:46.146] [INFO] system - record start
[2023-02-19T08:28:46.150] [INFO] system - track start
[2023-02-19T08:28:46.154] [INFO] system - select start
[2023-02-19T08:28:46.156] [INFO] system - book start
[2023-02-19T08:28:46.160] [INFO] system - todo start
[2023-02-19T08:28:46.163] [INFO] system - memo start
[2023-02-19T08:28:46.168] [INFO] system - App start
[2023-02-19T08:30:08.846] [INFO] system - users start
[2023-02-19T08:30:08.853] [INFO] system - record start
[2023-02-19T08:30:08.858] [INFO] system - track start
[2023-02-19T08:30:08.862] [INFO] system - select start
[2023-02-19T08:30:08.865] [INFO] system - book start
[2023-02-19T08:30:08.869] [INFO] system - todo start
[2023-02-19T08:30:08.872] [INFO] system - memo start
[2023-02-19T08:30:08.878] [INFO] system - App start
[2023-02-19T08:31:35.478] [INFO] system - users start
[2023-02-19T08:31:35.485] [INFO] system - record start
[2023-02-19T08:31:35.490] [INFO] system - track start
[2023-02-19T08:31:35.494] [INFO] system - select start
[2023-02-19T08:31:35.497] [INFO] system - book start
[2023-02-19T08:31:35.502] [INFO] system - todo start
[2023-02-19T08:31:35.505] [INFO] system - memo start
[2023-02-19T08:31:35.510] [INFO] system - App start
[2023-02-19T08:33:22.100] [INFO] system - record start
[2023-02-19T08:33:22.092] [INFO] system - users start
[2023-02-19T08:33:22.106] [INFO] system - track start
[2023-02-19T08:33:22.111] [INFO] system - select start
[2023-02-19T08:33:22.116] [INFO] system - book start
[2023-02-19T08:33:22.121] [INFO] system - todo start
[2023-02-19T08:33:22.124] [INFO] system - memo start
[2023-02-19T08:33:22.132] [INFO] system - App start
[2023-02-19T08:36:13.470] [INFO] system - record start
[2023-02-19T08:36:13.464] [INFO] system - users start
[2023-02-19T08:36:13.475] [INFO] system - track start
[2023-02-19T08:36:13.478] [INFO] system - select start
[2023-02-19T08:36:13.481] [INFO] system - book start
[2023-02-19T08:36:13.485] [INFO] system - todo start
[2023-02-19T08:36:13.488] [INFO] system - memo start
[2023-02-19T08:36:13.493] [INFO] system - App start
[2023-02-19T08:47:56.686] [INFO] system - users start
[2023-02-19T08:47:56.694] [INFO] system - record start
[2023-02-19T08:47:56.700] [INFO] system - track start
[2023-02-19T08:47:56.704] [INFO] system - select start
[2023-02-19T08:47:56.708] [INFO] system - book start
[2023-02-19T08:47:56.713] [INFO] system - todo start
[2023-02-19T08:47:56.716] [INFO] system - memo start
[2023-02-19T08:47:56.722] [INFO] system - App start
[2023-02-19T08:48:59.335] [INFO] system - record start
[2023-02-19T08:48:59.329] [INFO] system - users start
[2023-02-19T08:48:59.340] [INFO] system - track start
[2023-02-19T08:48:59.343] [INFO] system - select start
[2023-02-19T08:48:59.346] [INFO] system - book start
[2023-02-19T08:48:59.350] [INFO] system - todo start
[2023-02-19T08:48:59.353] [INFO] system - memo start
[2023-02-19T08:48:59.358] [INFO] system - App start
[2023-02-19T08:56:13.966] [INFO] system - record start
[2023-02-19T08:56:13.959] [INFO] system - users start
[2023-02-19T08:56:13.971] [INFO] system - track start
[2023-02-19T08:56:13.975] [INFO] system - select start
[2023-02-19T08:56:13.979] [INFO] system - book start
[2023-02-19T08:56:13.983] [INFO] system - todo start
[2023-02-19T08:56:13.986] [INFO] system - memo start
[2023-02-19T08:56:13.993] [INFO] system - App start
[2023-02-19T09:03:32.590] [INFO] system - record start
[2023-02-19T09:03:32.583] [INFO] system - users start
[2023-02-19T09:03:32.594] [INFO] system - track start
[2023-02-19T09:03:32.598] [INFO] system - select start
[2023-02-19T09:03:32.601] [INFO] system - book start
[2023-02-19T09:03:32.604] [INFO] system - todo start
[2023-02-19T09:03:32.608] [INFO] system - memo start
[2023-02-19T09:03:32.613] [INFO] system - App start
[2023-02-19T09:05:23.320] [INFO] system - users start
[2023-02-19T09:05:23.327] [INFO] system - record start
[2023-02-19T09:05:23.332] [INFO] system - track start
[2023-02-19T09:05:23.335] [INFO] system - select start
[2023-02-19T09:05:23.338] [INFO] system - book start
[2023-02-19T09:05:23.342] [INFO] system - todo start
[2023-02-19T09:05:23.345] [INFO] system - memo start
[2023-02-19T09:05:23.351] [INFO] system - App start
[2023-02-19T09:05:38.053] [INFO] system - users start
[2023-02-19T09:05:38.061] [INFO] system - record start
[2023-02-19T09:05:38.066] [INFO] system - track start
[2023-02-19T09:05:38.070] [INFO] system - select start
[2023-02-19T09:05:38.074] [INFO] system - book start
[2023-02-19T09:05:38.078] [INFO] system - todo start
[2023-02-19T09:05:38.081] [INFO] system - memo start
[2023-02-19T09:05:38.087] [INFO] system - App start
[2023-02-19T09:13:07.203] [INFO] system - users start
[2023-02-19T09:13:07.210] [INFO] system - record start
[2023-02-19T09:13:07.215] [INFO] system - track start
[2023-02-19T09:13:07.219] [INFO] system - select start
[2023-02-19T09:13:07.222] [INFO] system - book start
[2023-02-19T09:13:07.226] [INFO] system - todo start
[2023-02-19T09:13:07.229] [INFO] system - memo start
[2023-02-19T09:13:07.235] [INFO] system - App start
[2023-02-19T09:31:06.660] [INFO] system - users start
[2023-02-19T09:31:06.667] [INFO] system - record start
[2023-02-19T09:31:06.672] [INFO] system - track start
[2023-02-19T09:31:06.677] [INFO] system - select start
[2023-02-19T09:31:06.680] [INFO] system - book start
[2023-02-19T09:31:06.684] [INFO] system - todo start
[2023-02-19T09:31:06.688] [INFO] system - memo start
[2023-02-19T09:31:06.695] [INFO] system - App start
[2023-02-19T09:32:09.335] [INFO] system - record start
[2023-02-19T09:32:09.329] [INFO] system - users start
[2023-02-19T09:32:09.341] [INFO] system - track start
[2023-02-19T09:32:09.346] [INFO] system - select start
[2023-02-19T09:32:09.349] [INFO] system - book start
[2023-02-19T09:32:09.353] [INFO] system - todo start
[2023-02-19T09:32:09.356] [INFO] system - memo start
[2023-02-19T09:32:09.362] [INFO] system - App start
[2023-02-19T09:39:21.547] [INFO] system - record start
[2023-02-19T09:39:21.539] [INFO] system - users start
[2023-02-19T09:39:21.552] [INFO] system - track start
[2023-02-19T09:39:21.556] [INFO] system - select start
[2023-02-19T09:39:21.560] [INFO] system - book start
[2023-02-19T09:39:21.564] [INFO] system - todo start
[2023-02-19T09:39:21.567] [INFO] system - memo start
[2023-02-19T09:39:21.573] [INFO] system - App start
[2023-02-19T09:41:56.994] [INFO] system - record start
[2023-02-19T09:41:56.986] [INFO] system - users start
[2023-02-19T09:41:56.999] [INFO] system - track start
[2023-02-19T09:41:57.003] [INFO] system - select start
[2023-02-19T09:41:57.006] [INFO] system - book start
[2023-02-19T09:41:57.011] [INFO] system - todo start
[2023-02-19T09:41:57.014] [INFO] system - memo start
[2023-02-19T09:41:57.021] [INFO] system - App start
[2023-02-19T09:42:43.193] [INFO] system - users start
[2023-02-19T09:42:43.201] [INFO] system - record start
[2023-02-19T09:42:43.206] [INFO] system - track start
[2023-02-19T09:42:43.210] [INFO] system - select start
[2023-02-19T09:42:43.213] [INFO] system - book start
[2023-02-19T09:42:43.218] [INFO] system - todo start
[2023-02-19T09:42:43.222] [INFO] system - memo start
[2023-02-19T09:42:43.228] [INFO] system - App start
[2023-02-19T09:43:22.816] [INFO] system - users start
[2023-02-19T09:43:22.823] [INFO] system - record start
[2023-02-19T09:43:22.829] [INFO] system - track start
[2023-02-19T09:43:22.833] [INFO] system - select start
[2023-02-19T09:43:22.837] [INFO] system - book start
[2023-02-19T09:43:22.841] [INFO] system - todo start
[2023-02-19T09:43:22.845] [INFO] system - memo start
[2023-02-19T09:43:22.851] [INFO] system - App start
[2023-02-19T09:43:49.088] [INFO] system - users start
[2023-02-19T09:43:49.095] [INFO] system - record start
[2023-02-19T09:43:49.100] [INFO] system - track start
[2023-02-19T09:43:49.103] [INFO] system - select start
[2023-02-19T09:43:49.107] [INFO] system - book start
[2023-02-19T09:43:49.112] [INFO] system - todo start
[2023-02-19T09:43:49.117] [INFO] system - memo start
[2023-02-19T09:43:49.124] [INFO] system - App start
[2023-02-19T09:48:45.693] [INFO] system - users start
[2023-02-19T09:48:45.701] [INFO] system - record start
[2023-02-19T09:48:45.706] [INFO] system - track start
[2023-02-19T09:48:45.710] [INFO] system - select start
[2023-02-19T09:48:45.714] [INFO] system - book start
[2023-02-19T09:48:45.719] [INFO] system - todo start
[2023-02-19T09:48:45.723] [INFO] system - memo start
[2023-02-19T09:48:45.729] [INFO] system - App start
[2023-02-19T09:49:45.721] [INFO] system - users start
[2023-02-19T09:49:45.729] [INFO] system - record start
[2023-02-19T09:49:45.735] [INFO] system - track start
[2023-02-19T09:49:45.739] [INFO] system - select start
[2023-02-19T09:49:45.744] [INFO] system - book start
[2023-02-19T09:49:45.749] [INFO] system - todo start
[2023-02-19T09:49:45.752] [INFO] system - memo start
[2023-02-19T09:49:45.759] [INFO] system - App start
[2023-02-19T09:55:14.934] [INFO] system - users start
[2023-02-19T09:55:14.941] [INFO] system - record start
[2023-02-19T09:55:14.946] [INFO] system - track start
[2023-02-19T09:55:14.949] [INFO] system - select start
[2023-02-19T09:55:14.953] [INFO] system - book start
[2023-02-19T09:55:14.957] [INFO] system - todo start
[2023-02-19T09:55:14.961] [INFO] system - memo start
[2023-02-19T09:55:14.967] [INFO] system - App start
[2023-02-19T09:59:38.541] [INFO] system - users start
[2023-02-19T09:59:38.549] [INFO] system - record start
[2023-02-19T09:59:38.553] [INFO] system - track start
[2023-02-19T09:59:38.557] [INFO] system - select start
[2023-02-19T09:59:38.560] [INFO] system - book start
[2023-02-19T09:59:38.564] [INFO] system - todo start
[2023-02-19T09:59:38.567] [INFO] system - memo start
[2023-02-19T09:59:38.572] [INFO] system - App start
[2023-02-19T10:00:26.016] [INFO] system - users start
[2023-02-19T10:00:26.023] [INFO] system - record start
[2023-02-19T10:00:26.028] [INFO] system - track start
[2023-02-19T10:00:26.032] [INFO] system - select start
[2023-02-19T10:00:26.036] [INFO] system - book start
[2023-02-19T10:00:26.040] [INFO] system - todo start
[2023-02-19T10:00:26.044] [INFO] system - memo start
[2023-02-19T10:00:26.050] [INFO] system - App start
[2023-02-19T10:00:44.711] [INFO] system - users start
[2023-02-19T10:00:44.718] [INFO] system - record start
[2023-02-19T10:00:44.724] [INFO] system - track start
[2023-02-19T10:00:44.729] [INFO] system - select start
[2023-02-19T10:00:44.733] [INFO] system - book start
[2023-02-19T10:00:44.737] [INFO] system - todo start
[2023-02-19T10:00:44.741] [INFO] system - memo start
[2023-02-19T10:00:44.748] [INFO] system - App start
[2023-02-19T10:03:56.491] [INFO] system - users start
[2023-02-19T10:03:56.498] [INFO] system - record start
[2023-02-19T10:03:56.503] [INFO] system - track start
[2023-02-19T10:03:56.508] [INFO] system - select start
[2023-02-19T10:03:56.511] [INFO] system - book start
[2023-02-19T10:03:56.516] [INFO] system - todo start
[2023-02-19T10:03:56.519] [INFO] system - memo start
[2023-02-19T10:03:56.525] [INFO] system - App start
[2023-02-19T10:04:19.672] [INFO] system - users start
[2023-02-19T10:04:19.680] [INFO] system - record start
[2023-02-19T10:04:19.685] [INFO] system - track start
[2023-02-19T10:04:19.690] [INFO] system - select start
[2023-02-19T10:04:19.694] [INFO] system - book start
[2023-02-19T10:04:19.699] [INFO] system - todo start
[2023-02-19T10:04:19.703] [INFO] system - memo start
[2023-02-19T10:04:19.710] [INFO] system - App start
[2023-02-19T10:06:08.976] [INFO] system - record start
[2023-02-19T10:06:08.966] [INFO] system - users start
[2023-02-19T10:06:08.986] [INFO] system - track start
[2023-02-19T10:06:08.993] [INFO] system - select start
[2023-02-19T10:06:08.997] [INFO] system - book start
[2023-02-19T10:06:09.002] [INFO] system - todo start
[2023-02-19T10:06:09.007] [INFO] system - memo start
[2023-02-19T10:06:09.013] [INFO] system - App start
[2023-02-19T10:07:40.408] [INFO] system - users start
[2023-02-19T10:07:40.414] [INFO] system - record start
[2023-02-19T10:07:40.419] [INFO] system - track start
[2023-02-19T10:07:40.423] [INFO] system - select start
[2023-02-19T10:07:40.427] [INFO] system - book start
[2023-02-19T10:07:40.432] [INFO] system - todo start
[2023-02-19T10:07:40.435] [INFO] system - memo start
[2023-02-19T10:07:40.441] [INFO] system - App start
[2023-02-19T10:18:28.758] [INFO] system - users start
[2023-02-19T10:18:28.764] [INFO] system - record start
[2023-02-19T10:18:28.769] [INFO] system - track start
[2023-02-19T10:18:28.773] [INFO] system - select start
[2023-02-19T10:18:28.776] [INFO] system - book start
[2023-02-19T10:18:28.781] [INFO] system - todo start
[2023-02-19T10:18:28.784] [INFO] system - memo start
[2023-02-19T10:18:28.790] [INFO] system - App start
[2023-02-19T10:25:28.832] [INFO] system - users start
[2023-02-19T10:25:28.839] [INFO] system - record start
[2023-02-19T10:25:28.844] [INFO] system - track start
[2023-02-19T10:25:28.848] [INFO] system - select start
[2023-02-19T10:25:28.852] [INFO] system - book start
[2023-02-19T10:25:28.857] [INFO] system - todo start
[2023-02-19T10:25:28.861] [INFO] system - memo start
[2023-02-19T10:25:28.868] [INFO] system - App start
[2023-02-19T10:28:43.070] [INFO] system - users start
[2023-02-19T10:28:43.077] [INFO] system - record start
[2023-02-19T10:28:43.082] [INFO] system - track start
[2023-02-19T10:28:43.085] [INFO] system - select start
[2023-02-19T10:28:43.088] [INFO] system - book start
[2023-02-19T10:28:43.091] [INFO] system - todo start
[2023-02-19T10:28:43.095] [INFO] system - memo start
[2023-02-19T10:28:43.100] [INFO] system - App start
[2023-02-19T10:30:53.611] [INFO] system - record start
[2023-02-19T10:30:53.604] [INFO] system - users start
[2023-02-19T10:30:53.616] [INFO] system - track start
[2023-02-19T10:30:53.620] [INFO] system - select start
[2023-02-19T10:30:53.623] [INFO] system - book start
[2023-02-19T10:30:53.627] [INFO] system - todo start
[2023-02-19T10:30:53.630] [INFO] system - memo start
[2023-02-19T10:30:53.636] [INFO] system - App start
[2023-02-19T10:32:07.985] [INFO] system - users start
[2023-02-19T10:32:07.992] [INFO] system - record start
[2023-02-19T10:32:07.997] [INFO] system - track start
[2023-02-19T10:32:08.001] [INFO] system - select start
[2023-02-19T10:32:08.005] [INFO] system - book start
[2023-02-19T10:32:08.009] [INFO] system - todo start
[2023-02-19T10:32:08.013] [INFO] system - memo start
[2023-02-19T10:32:08.018] [INFO] system - App start
[2023-02-19T10:48:06.860] [INFO] system - users start
[2023-02-19T10:48:06.866] [INFO] system - record start
[2023-02-19T10:48:06.871] [INFO] system - track start
[2023-02-19T10:48:06.874] [INFO] system - select start
[2023-02-19T10:48:06.878] [INFO] system - book start
[2023-02-19T10:48:06.882] [INFO] system - todo start
[2023-02-19T10:48:06.885] [INFO] system - memo start
[2023-02-19T10:48:06.890] [INFO] system - App start
[2023-02-19T10:49:24.110] [INFO] system - users start
[2023-02-19T10:49:24.118] [INFO] system - record start
[2023-02-19T10:49:24.123] [INFO] system - track start
[2023-02-19T10:49:24.127] [INFO] system - select start
[2023-02-19T10:49:24.130] [INFO] system - book start
[2023-02-19T10:49:24.135] [INFO] system - todo start
[2023-02-19T10:49:24.138] [INFO] system - memo start
[2023-02-19T10:49:24.143] [INFO] system - App start
[2023-02-19T10:53:01.341] [INFO] system - users start
[2023-02-19T10:53:01.349] [INFO] system - record start
[2023-02-19T10:53:01.354] [INFO] system - track start
[2023-02-19T10:53:01.358] [INFO] system - select start
[2023-02-19T10:53:01.362] [INFO] system - book start
[2023-02-19T10:53:01.366] [INFO] system - todo start
[2023-02-19T10:53:01.369] [INFO] system - memo start
[2023-02-19T10:53:01.375] [INFO] system - App start
[2023-02-19T11:13:48.359] [INFO] system - users start
[2023-02-19T11:13:48.371] [INFO] system - record start
[2023-02-19T11:13:48.377] [INFO] system - track start
[2023-02-19T11:13:48.383] [INFO] system - select start
[2023-02-19T11:13:48.388] [INFO] system - book start
[2023-02-19T11:13:48.393] [INFO] system - todo start
[2023-02-19T11:13:48.396] [INFO] system - memo start
[2023-02-19T11:13:48.401] [INFO] system - App start
[2023-02-19T11:16:08.207] [INFO] system - users start
[2023-02-19T11:16:08.215] [INFO] system - record start
[2023-02-19T11:16:08.222] [INFO] system - track start
[2023-02-19T11:16:08.226] [INFO] system - select start
[2023-02-19T11:16:08.230] [INFO] system - book start
[2023-02-19T11:16:08.235] [INFO] system - todo start
[2023-02-19T11:16:08.239] [INFO] system - memo start
[2023-02-19T11:16:08.245] [INFO] system - App start
[2023-02-19T11:16:40.683] [INFO] system - users start
[2023-02-19T11:16:40.693] [INFO] system - track start
[2023-02-19T11:16:40.689] [INFO] system - record start
[2023-02-19T11:16:40.696] [INFO] system - select start
[2023-02-19T11:16:40.699] [INFO] system - book start
[2023-02-19T11:16:40.702] [INFO] system - todo start
[2023-02-19T11:16:40.705] [INFO] system - memo start
[2023-02-19T11:16:40.710] [INFO] system - App start
[2023-02-19T11:17:22.800] [INFO] system - users start
[2023-02-19T11:17:22.807] [INFO] system - record start
[2023-02-19T11:17:22.812] [INFO] system - track start
[2023-02-19T11:17:22.816] [INFO] system - select start
[2023-02-19T11:17:22.819] [INFO] system - book start
[2023-02-19T11:17:22.823] [INFO] system - todo start
[2023-02-19T11:17:22.826] [INFO] system - memo start
[2023-02-19T11:17:22.831] [INFO] system - App start
[2023-02-19T11:18:02.606] [INFO] system - users start
[2023-02-19T11:18:02.614] [INFO] system - record start
[2023-02-19T11:18:02.619] [INFO] system - track start
[2023-02-19T11:18:02.623] [INFO] system - select start
[2023-02-19T11:18:02.626] [INFO] system - book start
[2023-02-19T11:18:02.629] [INFO] system - todo start
[2023-02-19T11:18:02.633] [INFO] system - memo start
[2023-02-19T11:18:02.638] [INFO] system - App start
[2023-02-19T11:25:14.441] [INFO] system - users start
[2023-02-19T11:25:14.448] [INFO] system - record start
[2023-02-19T11:25:14.452] [INFO] system - track start
[2023-02-19T11:25:14.456] [INFO] system - select start
[2023-02-19T11:25:14.460] [INFO] system - book start
[2023-02-19T11:25:14.463] [INFO] system - todo start
[2023-02-19T11:25:14.467] [INFO] system - memo start
[2023-02-19T11:25:14.472] [INFO] system - App start
[2023-02-19T11:38:47.855] [INFO] system - users start
[2023-02-19T11:38:47.861] [INFO] system - record start
[2023-02-19T11:38:47.867] [INFO] system - track start
[2023-02-19T11:38:47.871] [INFO] system - select start
[2023-02-19T11:38:47.876] [INFO] system - book start
[2023-02-19T11:38:47.880] [INFO] system - todo start
[2023-02-19T11:38:47.884] [INFO] system - memo start
[2023-02-19T11:38:47.891] [INFO] system - App start
[2023-02-19T11:39:49.518] [INFO] system - users start
[2023-02-19T11:39:49.524] [INFO] system - record start
[2023-02-19T11:39:49.530] [INFO] system - track start
[2023-02-19T11:39:49.533] [INFO] system - select start
[2023-02-19T11:39:49.536] [INFO] system - book start
[2023-02-19T11:39:49.540] [INFO] system - todo start
[2023-02-19T11:39:49.543] [INFO] system - memo start
[2023-02-19T11:39:49.549] [INFO] system - App start
[2023-02-19T11:44:25.787] [INFO] system - users start
[2023-02-19T11:44:25.794] [INFO] system - record start
[2023-02-19T11:44:25.799] [INFO] system - track start
[2023-02-19T11:44:25.804] [INFO] system - select start
[2023-02-19T11:44:25.807] [INFO] system - book start
[2023-02-19T11:44:25.811] [INFO] system - todo start
[2023-02-19T11:44:25.815] [INFO] system - memo start
[2023-02-19T11:44:25.822] [INFO] system - App start
[2023-02-19T11:45:30.228] [INFO] system - users start
[2023-02-19T11:45:30.236] [INFO] system - record start
[2023-02-19T11:45:30.241] [INFO] system - track start
[2023-02-19T11:45:30.245] [INFO] system - select start
[2023-02-19T11:45:30.248] [INFO] system - book start
[2023-02-19T11:45:30.253] [INFO] system - todo start
[2023-02-19T11:45:30.256] [INFO] system - memo start
[2023-02-19T11:45:30.262] [INFO] system - App start
[2023-02-19T11:46:54.999] [INFO] system - users start
[2023-02-19T11:46:55.007] [INFO] system - record start
[2023-02-19T11:46:55.011] [INFO] system - track start
[2023-02-19T11:46:55.015] [INFO] system - select start
[2023-02-19T11:46:55.018] [INFO] system - book start
[2023-02-19T11:46:55.022] [INFO] system - todo start
[2023-02-19T11:46:55.025] [INFO] system - memo start
[2023-02-19T11:46:55.031] [INFO] system - App start
[2023-02-19T11:50:14.232] [INFO] system - record start
[2023-02-19T11:50:14.225] [INFO] system - users start
[2023-02-19T11:50:14.237] [INFO] system - track start
[2023-02-19T11:50:14.241] [INFO] system - select start
[2023-02-19T11:50:14.244] [INFO] system - book start
[2023-02-19T11:50:14.249] [INFO] system - todo start
[2023-02-19T11:50:14.253] [INFO] system - memo start
[2023-02-19T11:50:14.258] [INFO] system - App start
[2023-02-19T11:51:22.462] [INFO] system - users start
[2023-02-19T11:51:22.468] [INFO] system - record start
[2023-02-19T11:51:22.473] [INFO] system - track start
[2023-02-19T11:51:22.478] [INFO] system - select start
[2023-02-19T11:51:22.481] [INFO] system - book start
[2023-02-19T11:51:22.485] [INFO] system - todo start
[2023-02-19T11:51:22.489] [INFO] system - memo start
[2023-02-19T11:51:22.495] [INFO] system - App start
[2023-02-19T11:52:48.216] [INFO] system - users start
[2023-02-19T11:52:48.222] [INFO] system - record start
[2023-02-19T11:52:48.226] [INFO] system - track start
[2023-02-19T11:52:48.230] [INFO] system - select start
[2023-02-19T11:52:48.233] [INFO] system - book start
[2023-02-19T11:52:48.236] [INFO] system - todo start
[2023-02-19T11:52:48.239] [INFO] system - memo start
[2023-02-19T11:52:48.245] [INFO] system - App start
[2023-02-19T11:57:48.792] [INFO] system - users start
[2023-02-19T11:57:48.799] [INFO] system - record start
[2023-02-19T11:57:48.804] [INFO] system - track start
[2023-02-19T11:57:48.808] [INFO] system - select start
[2023-02-19T11:57:48.811] [INFO] system - book start
[2023-02-19T11:57:48.816] [INFO] system - todo start
[2023-02-19T11:57:48.820] [INFO] system - memo start
[2023-02-19T11:57:48.826] [INFO] system - App start
[2023-02-19T12:00:41.204] [INFO] system - users start
[2023-02-19T12:00:41.212] [INFO] system - record start
[2023-02-19T12:00:41.216] [INFO] system - track start
[2023-02-19T12:00:41.220] [INFO] system - select start
[2023-02-19T12:00:41.223] [INFO] system - book start
[2023-02-19T12:00:41.228] [INFO] system - todo start
[2023-02-19T12:00:41.231] [INFO] system - memo start
[2023-02-19T12:00:41.236] [INFO] system - App start
[2023-02-19T12:00:52.827] [INFO] system - users start
[2023-02-19T12:00:52.833] [INFO] system - record start
[2023-02-19T12:00:52.838] [INFO] system - track start
[2023-02-19T12:00:52.841] [INFO] system - select start
[2023-02-19T12:00:52.845] [INFO] system - book start
[2023-02-19T12:00:52.849] [INFO] system - todo start
[2023-02-19T12:00:52.852] [INFO] system - memo start
[2023-02-19T12:00:52.858] [INFO] system - App start
[2023-02-19T12:02:15.572] [INFO] system - users start
[2023-02-19T12:02:15.578] [INFO] system - record start
[2023-02-19T12:02:15.584] [INFO] system - track start
[2023-02-19T12:02:15.588] [INFO] system - select start
[2023-02-19T12:02:15.591] [INFO] system - book start
[2023-02-19T12:02:15.595] [INFO] system - todo start
[2023-02-19T12:02:15.598] [INFO] system - memo start
[2023-02-19T12:02:15.603] [INFO] system - App start
[2023-02-19T12:03:28.993] [INFO] system - users start
[2023-02-19T12:03:28.999] [INFO] system - record start
[2023-02-19T12:03:29.004] [INFO] system - track start
[2023-02-19T12:03:29.008] [INFO] system - select start
[2023-02-19T12:03:29.012] [INFO] system - book start
[2023-02-19T12:03:29.017] [INFO] system - todo start
[2023-02-19T12:03:29.020] [INFO] system - memo start
[2023-02-19T12:03:29.026] [INFO] system - App start
[2023-02-19T12:04:59.156] [INFO] system - users start
[2023-02-19T12:04:59.163] [INFO] system - record start
[2023-02-19T12:04:59.168] [INFO] system - track start
[2023-02-19T12:04:59.172] [INFO] system - select start
[2023-02-19T12:04:59.176] [INFO] system - book start
[2023-02-19T12:04:59.182] [INFO] system - todo start
[2023-02-19T12:04:59.185] [INFO] system - memo start
[2023-02-19T12:04:59.192] [INFO] system - App start
[2023-02-19T12:05:25.833] [INFO] system - users start
[2023-02-19T12:05:25.840] [INFO] system - record start
[2023-02-19T12:05:25.849] [INFO] system - select start
[2023-02-19T12:05:25.845] [INFO] system - track start
[2023-02-19T12:05:25.852] [INFO] system - book start
[2023-02-19T12:05:25.856] [INFO] system - todo start
[2023-02-19T12:05:25.858] [INFO] system - memo start
[2023-02-19T12:05:25.864] [INFO] system - App start
[2023-02-19T12:06:57.335] [INFO] system - users start
[2023-02-19T12:06:57.341] [INFO] system - record start
[2023-02-19T12:06:57.346] [INFO] system - track start
[2023-02-19T12:06:57.350] [INFO] system - select start
[2023-02-19T12:06:57.353] [INFO] system - book start
[2023-02-19T12:06:57.357] [INFO] system - todo start
[2023-02-19T12:06:57.361] [INFO] system - memo start
[2023-02-19T12:06:57.367] [INFO] system - App start
[2023-02-19T12:10:06.354] [INFO] system - users start
[2023-02-19T12:10:06.360] [INFO] system - record start
[2023-02-19T12:10:06.365] [INFO] system - track start
[2023-02-19T12:10:06.369] [INFO] system - select start
[2023-02-19T12:10:06.372] [INFO] system - book start
[2023-02-19T12:10:06.376] [INFO] system - todo start
[2023-02-19T12:10:06.379] [INFO] system - memo start
[2023-02-19T12:10:06.385] [INFO] system - App start
[2023-02-19T12:23:26.730] [INFO] system - users start
[2023-02-19T12:23:26.736] [INFO] system - record start
[2023-02-19T12:23:26.741] [INFO] system - track start
[2023-02-19T12:23:26.745] [INFO] system - select start
[2023-02-19T12:23:26.748] [INFO] system - book start
[2023-02-19T12:23:26.752] [INFO] system - todo start
[2023-02-19T12:23:26.756] [INFO] system - memo start
[2023-02-19T12:23:26.761] [INFO] system - App start
[2023-02-19T12:23:50.149] [INFO] system - record start
[2023-02-19T12:23:50.142] [INFO] system - users start
[2023-02-19T12:23:50.153] [INFO] system - track start
[2023-02-19T12:23:50.157] [INFO] system - select start
[2023-02-19T12:23:50.161] [INFO] system - book start
[2023-02-19T12:23:50.165] [INFO] system - todo start
[2023-02-19T12:23:50.169] [INFO] system - memo start
[2023-02-19T12:23:50.176] [INFO] system - App start
[2023-02-19T12:24:36.180] [INFO] system - users start
[2023-02-19T12:24:36.187] [INFO] system - record start
[2023-02-19T12:24:36.192] [INFO] system - track start
[2023-02-19T12:24:36.196] [INFO] system - select start
[2023-02-19T12:24:36.200] [INFO] system - book start
[2023-02-19T12:24:36.204] [INFO] system - todo start
[2023-02-19T12:24:36.208] [INFO] system - memo start
[2023-02-19T12:24:36.213] [INFO] system - App start
[2023-02-19T12:25:16.719] [INFO] system - users start
[2023-02-19T12:25:16.727] [INFO] system - record start
[2023-02-19T12:25:16.732] [INFO] system - track start
[2023-02-19T12:25:16.736] [INFO] system - select start
[2023-02-19T12:25:16.739] [INFO] system - book start
[2023-02-19T12:25:16.744] [INFO] system - todo start
[2023-02-19T12:25:16.747] [INFO] system - memo start
[2023-02-19T12:25:16.753] [INFO] system - App start
[2023-02-19T12:29:41.843] [INFO] system - users start
[2023-02-19T12:29:41.850] [INFO] system - record start
[2023-02-19T12:29:41.855] [INFO] system - track start
[2023-02-19T12:29:41.859] [INFO] system - select start
[2023-02-19T12:29:41.862] [INFO] system - book start
[2023-02-19T12:29:41.865] [INFO] system - todo start
[2023-02-19T12:29:41.868] [INFO] system - memo start
[2023-02-19T12:29:41.874] [INFO] system - App start
[2023-02-19T12:30:31.908] [INFO] system - users start
[2023-02-19T12:30:31.914] [INFO] system - record start
[2023-02-19T12:30:31.919] [INFO] system - track start
[2023-02-19T12:30:31.923] [INFO] system - select start
[2023-02-19T12:30:31.926] [INFO] system - book start
[2023-02-19T12:30:31.930] [INFO] system - todo start
[2023-02-19T12:30:31.933] [INFO] system - memo start
[2023-02-19T12:30:31.939] [INFO] system - App start
[2023-02-19T12:30:57.807] [INFO] system - record start
[2023-02-19T12:30:57.800] [INFO] system - users start
[2023-02-19T12:30:57.812] [INFO] system - track start
[2023-02-19T12:30:57.816] [INFO] system - select start
[2023-02-19T12:30:57.819] [INFO] system - book start
[2023-02-19T12:30:57.823] [INFO] system - todo start
[2023-02-19T12:30:57.827] [INFO] system - memo start
[2023-02-19T12:30:57.833] [INFO] system - App start
[2023-02-19T12:58:18.357] [INFO] system - users start
[2023-02-19T12:58:18.362] [INFO] system - record start
[2023-02-19T12:58:18.365] [INFO] system - track start
[2023-02-19T12:58:18.368] [INFO] system - select start
[2023-02-19T12:58:18.370] [INFO] system - book start
[2023-02-19T12:58:18.372] [INFO] system - todo start
[2023-02-19T12:58:18.374] [INFO] system - memo start
[2023-02-19T12:58:18.379] [INFO] system - App start
[2023-02-21T13:30:20.581] [INFO] system - users start
[2023-02-21T13:30:20.627] [INFO] system - record start
[2023-02-21T13:30:20.655] [INFO] system - select start
[2023-02-21T13:30:20.631] [INFO] system - track start
[2023-02-21T13:30:20.680] [INFO] system - todo start
[2023-02-21T13:30:20.664] [INFO] system - book start
[2023-02-21T13:30:20.693] [INFO] system - memo start
[2023-02-21T13:30:20.697] [INFO] system - App start
[2023-02-21T13:30:53.520] [INFO] system - users start
[2023-02-21T13:30:53.526] [INFO] system - record start
[2023-02-21T13:30:53.529] [INFO] system - track start
[2023-02-21T13:30:53.532] [INFO] system - select start
[2023-02-21T13:30:53.533] [INFO] system - book start
[2023-02-21T13:30:53.536] [INFO] system - todo start
[2023-02-21T13:30:53.537] [INFO] system - memo start
[2023-02-21T13:30:53.541] [INFO] system - App start
[2023-02-21T13:32:22.254] [INFO] system - users start
[2023-02-21T13:32:22.258] [INFO] system - record start
[2023-02-21T13:32:22.261] [INFO] system - track start
[2023-02-21T13:32:22.264] [INFO] system - select start
[2023-02-21T13:32:22.268] [INFO] system - todo start
[2023-02-21T13:32:22.265] [INFO] system - book start
[2023-02-21T13:32:22.270] [INFO] system - memo start
[2023-02-21T13:32:22.274] [INFO] system - App start
[2023-02-21T13:42:14.199] [INFO] system - users start
[2023-02-21T13:42:14.205] [INFO] system - record start
[2023-02-21T13:42:14.210] [INFO] system - track start
[2023-02-21T13:42:14.213] [INFO] system - select start
[2023-02-21T13:42:14.216] [INFO] system - book start
[2023-02-21T13:42:14.220] [INFO] system - todo start
[2023-02-21T13:42:14.223] [INFO] system - memo start
[2023-02-21T13:42:14.228] [INFO] system - App start
[2023-02-21T13:47:19.157] [INFO] system - users start
[2023-02-21T13:47:19.163] [INFO] system - record start
[2023-02-21T13:47:19.168] [INFO] system - track start
[2023-02-21T13:47:19.171] [INFO] system - select start
[2023-02-21T13:47:19.174] [INFO] system - book start
[2023-02-21T13:47:19.178] [INFO] system - todo start
[2023-02-21T13:47:19.181] [INFO] system - memo start
[2023-02-21T13:47:19.185] [INFO] system - App start
[2023-02-21T13:48:17.970] [INFO] system - users start
[2023-02-21T13:48:17.977] [INFO] system - record start
[2023-02-21T13:48:17.982] [INFO] system - track start
[2023-02-21T13:48:17.985] [INFO] system - select start
[2023-02-21T13:48:17.988] [INFO] system - book start
[2023-02-21T13:48:17.992] [INFO] system - todo start
[2023-02-21T13:48:17.995] [INFO] system - memo start
[2023-02-21T13:48:18.001] [INFO] system - App start
[2023-02-21T13:49:06.073] [INFO] system - record start
[2023-02-21T13:49:06.067] [INFO] system - users start
[2023-02-21T13:49:06.078] [INFO] system - track start
[2023-02-21T13:49:06.081] [INFO] system - select start
[2023-02-21T13:49:06.084] [INFO] system - book start
[2023-02-21T13:49:06.087] [INFO] system - todo start
[2023-02-21T13:49:06.090] [INFO] system - memo start
[2023-02-21T13:49:06.095] [INFO] system - App start
[2023-02-21T13:49:49.242] [INFO] system - users start
[2023-02-21T13:49:49.248] [INFO] system - record start
[2023-02-21T13:49:49.254] [INFO] system - track start
[2023-02-21T13:49:49.261] [INFO] system - select start
[2023-02-21T13:49:49.266] [INFO] system - book start
[2023-02-21T13:49:49.273] [INFO] system - todo start
[2023-02-21T13:49:49.276] [INFO] system - memo start
[2023-02-21T13:49:49.283] [INFO] system - App start
[2023-02-21T13:53:50.629] [INFO] system - record start
[2023-02-21T13:53:50.623] [INFO] system - users start
[2023-02-21T13:53:50.634] [INFO] system - track start
[2023-02-21T13:53:50.637] [INFO] system - select start
[2023-02-21T13:53:50.640] [INFO] system - book start
[2023-02-21T13:53:50.643] [INFO] system - todo start
[2023-02-21T13:53:50.646] [INFO] system - memo start
[2023-02-21T13:53:50.651] [INFO] system - App start
[2023-02-21T13:54:23.088] [INFO] system - users start
[2023-02-21T13:54:23.094] [INFO] system - record start
[2023-02-21T13:54:23.098] [INFO] system - track start
[2023-02-21T13:54:23.102] [INFO] system - select start
[2023-02-21T13:54:23.104] [INFO] system - book start
[2023-02-21T13:54:23.108] [INFO] system - todo start
[2023-02-21T13:54:23.111] [INFO] system - memo start
[2023-02-21T13:54:23.115] [INFO] system - App start
[2023-02-21T13:55:02.273] [INFO] system - users start
[2023-02-21T13:55:02.280] [INFO] system - record start
[2023-02-21T13:55:02.284] [INFO] system - track start
[2023-02-21T13:55:02.288] [INFO] system - select start
[2023-02-21T13:55:02.291] [INFO] system - book start
[2023-02-21T13:55:02.294] [INFO] system - todo start
[2023-02-21T13:55:02.297] [INFO] system - memo start
[2023-02-21T13:55:02.303] [INFO] system - App start
[2023-02-21T13:55:24.439] [INFO] system - users start
[2023-02-21T13:55:24.445] [INFO] system - record start
[2023-02-21T13:55:24.450] [INFO] system - track start
[2023-02-21T13:55:24.454] [INFO] system - select start
[2023-02-21T13:55:24.457] [INFO] system - book start
[2023-02-21T13:55:24.461] [INFO] system - todo start
[2023-02-21T13:55:24.463] [INFO] system - memo start
[2023-02-21T13:55:24.469] [INFO] system - App start
[2023-02-21T13:55:50.921] [INFO] system - users start
[2023-02-21T13:55:50.927] [INFO] system - record start
[2023-02-21T13:55:50.931] [INFO] system - track start
[2023-02-21T13:55:50.935] [INFO] system - select start
[2023-02-21T13:55:50.938] [INFO] system - book start
[2023-02-21T13:55:50.941] [INFO] system - todo start
[2023-02-21T13:55:50.944] [INFO] system - memo start
[2023-02-21T13:55:50.949] [INFO] system - App start
[2023-02-21T14:26:09.388] [INFO] system - users start
[2023-02-21T14:26:09.394] [INFO] system - record start
[2023-02-21T14:26:09.398] [INFO] system - track start
[2023-02-21T14:26:09.402] [INFO] system - select start
[2023-02-21T14:26:09.404] [INFO] system - book start
[2023-02-21T14:26:09.408] [INFO] system - todo start
[2023-02-21T14:26:09.411] [INFO] system - memo start
[2023-02-21T14:26:09.416] [INFO] system - App start
[2023-02-21T14:27:23.521] [INFO] system - users start
[2023-02-21T14:27:23.527] [INFO] system - record start
[2023-02-21T14:27:23.532] [INFO] system - track start
[2023-02-21T14:27:23.535] [INFO] system - select start
[2023-02-21T14:27:23.538] [INFO] system - book start
[2023-02-21T14:27:23.542] [INFO] system - todo start
[2023-02-21T14:27:23.545] [INFO] system - memo start
[2023-02-21T14:27:23.550] [INFO] system - App start
[2023-02-21T14:29:59.882] [INFO] system - users start
[2023-02-21T14:29:59.890] [INFO] system - record start
[2023-02-21T14:29:59.895] [INFO] system - track start
[2023-02-21T14:29:59.898] [INFO] system - select start
[2023-02-21T14:29:59.901] [INFO] system - book start
[2023-02-21T14:29:59.905] [INFO] system - todo start
[2023-02-21T14:29:59.908] [INFO] system - memo start
[2023-02-21T14:29:59.913] [INFO] system - App start
[2023-02-21T14:32:06.360] [INFO] system - users start
[2023-02-21T14:32:06.366] [INFO] system - record start
[2023-02-21T14:32:06.370] [INFO] system - track start
[2023-02-21T14:32:06.374] [INFO] system - select start
[2023-02-21T14:32:06.377] [INFO] system - book start
[2023-02-21T14:32:06.380] [INFO] system - todo start
[2023-02-21T14:32:06.383] [INFO] system - memo start
[2023-02-21T14:32:06.388] [INFO] system - App start
[2023-02-21T14:39:47.221] [INFO] system - record start
[2023-02-21T14:39:47.215] [INFO] system - users start
[2023-02-21T14:39:47.226] [INFO] system - track start
[2023-02-21T14:39:47.229] [INFO] system - select start
[2023-02-21T14:39:47.232] [INFO] system - book start
[2023-02-21T14:39:47.235] [INFO] system - todo start
[2023-02-21T14:39:47.238] [INFO] system - memo start
[2023-02-21T14:39:47.243] [INFO] system - App start
[2023-02-21T14:53:29.288] [INFO] system - users start
[2023-02-21T14:53:29.294] [INFO] system - record start
[2023-02-21T14:53:29.299] [INFO] system - track start
[2023-02-21T14:53:29.303] [INFO] system - select start
[2023-02-21T14:53:29.306] [INFO] system - book start
[2023-02-21T14:53:29.310] [INFO] system - todo start
[2023-02-21T14:53:29.313] [INFO] system - memo start
[2023-02-21T14:53:29.318] [INFO] system - App start
[2023-02-21T14:55:17.039] [INFO] system - users start
[2023-02-21T14:55:17.046] [INFO] system - record start
[2023-02-21T14:55:17.051] [INFO] system - track start
[2023-02-21T14:55:17.055] [INFO] system - select start
[2023-02-21T14:55:17.059] [INFO] system - book start
[2023-02-21T14:55:17.063] [INFO] system - todo start
[2023-02-21T14:55:17.066] [INFO] system - memo start
[2023-02-21T14:55:17.072] [INFO] system - App start
[2023-02-21T14:56:33.059] [INFO] system - users start
[2023-02-21T14:56:33.066] [INFO] system - record start
[2023-02-21T14:56:33.070] [INFO] system - track start
[2023-02-21T14:56:33.074] [INFO] system - select start
[2023-02-21T14:56:33.077] [INFO] system - book start
[2023-02-21T14:56:33.081] [INFO] system - todo start
[2023-02-21T14:56:33.084] [INFO] system - memo start
[2023-02-21T14:56:33.090] [INFO] system - App start
[2023-02-21T15:01:58.445] [INFO] system - record start
[2023-02-21T15:01:58.437] [INFO] system - users start
[2023-02-21T15:01:58.450] [INFO] system - track start
[2023-02-21T15:01:58.453] [INFO] system - select start
[2023-02-21T15:01:58.456] [INFO] system - book start
[2023-02-21T15:01:58.460] [INFO] system - todo start
[2023-02-21T15:01:58.464] [INFO] system - memo start
[2023-02-21T15:01:58.469] [INFO] system - App start
[2023-02-21T15:02:49.471] [INFO] system - users start
[2023-02-21T15:02:49.479] [INFO] system - record start
[2023-02-21T15:02:49.483] [INFO] system - track start
[2023-02-21T15:02:49.487] [INFO] system - select start
[2023-02-21T15:02:49.490] [INFO] system - book start
[2023-02-21T15:02:49.494] [INFO] system - todo start
[2023-02-21T15:02:49.497] [INFO] system - memo start
[2023-02-21T15:02:49.503] [INFO] system - App start
[2023-02-21T15:04:14.721] [INFO] system - record start
[2023-02-21T15:04:14.714] [INFO] system - users start
[2023-02-21T15:04:14.726] [INFO] system - track start
[2023-02-21T15:04:14.729] [INFO] system - select start
[2023-02-21T15:04:14.733] [INFO] system - book start
[2023-02-21T15:04:14.736] [INFO] system - todo start
[2023-02-21T15:04:14.739] [INFO] system - memo start
[2023-02-21T15:04:14.745] [INFO] system - App start
[2023-02-21T15:05:04.752] [INFO] system - record start
[2023-02-21T15:05:04.745] [INFO] system - users start
[2023-02-21T15:05:04.757] [INFO] system - track start
[2023-02-21T15:05:04.762] [INFO] system - select start
[2023-02-21T15:05:04.765] [INFO] system - book start
[2023-02-21T15:05:04.770] [INFO] system - todo start
[2023-02-21T15:05:04.773] [INFO] system - memo start
[2023-02-21T15:05:04.778] [INFO] system - App start
[2023-02-21T15:14:15.862] [INFO] system - users start
[2023-02-21T15:14:15.869] [INFO] system - record start
[2023-02-21T15:14:15.874] [INFO] system - track start
[2023-02-21T15:14:15.878] [INFO] system - select start
[2023-02-21T15:14:15.881] [INFO] system - book start
[2023-02-21T15:14:15.886] [INFO] system - todo start
[2023-02-21T15:14:15.890] [INFO] system - memo start
[2023-02-21T15:14:15.895] [INFO] system - App start
[2023-02-21T15:15:02.992] [INFO] system - users start
[2023-02-21T15:15:02.999] [INFO] system - record start
[2023-02-21T15:15:03.004] [INFO] system - track start
[2023-02-21T15:15:03.008] [INFO] system - select start
[2023-02-21T15:15:03.011] [INFO] system - book start
[2023-02-21T15:15:03.015] [INFO] system - todo start
[2023-02-21T15:15:03.018] [INFO] system - memo start
[2023-02-21T15:15:03.024] [INFO] system - App start
[2023-02-21T15:15:47.079] [INFO] system - users start
[2023-02-21T15:15:47.088] [INFO] system - record start
[2023-02-21T15:15:47.092] [INFO] system - track start
[2023-02-21T15:15:47.096] [INFO] system - select start
[2023-02-21T15:15:47.099] [INFO] system - book start
[2023-02-21T15:15:47.103] [INFO] system - todo start
[2023-02-21T15:15:47.106] [INFO] system - memo start
[2023-02-21T15:15:47.112] [INFO] system - App start
[2023-02-21T15:40:43.125] [INFO] system - users start
[2023-02-21T15:40:43.131] [INFO] system - record start
[2023-02-21T15:40:43.134] [INFO] system - track start
[2023-02-21T15:40:43.137] [INFO] system - select start
[2023-02-21T15:40:43.139] [INFO] system - book start
[2023-02-21T15:40:43.141] [INFO] system - todo start
[2023-02-21T15:40:43.143] [INFO] system - memo start
[2023-02-21T15:40:43.147] [INFO] system - App start
[2023-02-21T15:45:39.149] [INFO] system - users start
[2023-02-21T15:45:39.156] [INFO] system - record start
[2023-02-21T15:45:39.160] [INFO] system - track start
[2023-02-21T15:45:39.163] [INFO] system - select start
[2023-02-21T15:45:39.166] [INFO] system - book start
[2023-02-21T15:45:39.169] [INFO] system - todo start
[2023-02-21T15:45:39.172] [INFO] system - memo start
[2023-02-21T15:45:39.178] [INFO] system - App start
[2023-02-21T15:57:17.390] [INFO] system - users start
[2023-02-21T15:57:17.398] [INFO] system - record start
[2023-02-21T15:57:17.403] [INFO] system - track start
[2023-02-21T15:57:17.407] [INFO] system - select start
[2023-02-21T15:57:17.411] [INFO] system - book start
[2023-02-21T15:57:17.415] [INFO] system - todo start
[2023-02-21T15:57:17.418] [INFO] system - memo start
[2023-02-21T15:57:17.424] [INFO] system - App start
[2023-02-21T15:58:51.455] [INFO] system - users start
[2023-02-21T15:58:51.463] [INFO] system - record start
[2023-02-21T15:58:51.467] [INFO] system - track start
[2023-02-21T15:58:51.471] [INFO] system - select start
[2023-02-21T15:58:51.474] [INFO] system - book start
[2023-02-21T15:58:51.478] [INFO] system - todo start
[2023-02-21T15:58:51.481] [INFO] system - memo start
[2023-02-21T15:58:51.487] [INFO] system - App start
[2023-02-21T15:59:59.668] [INFO] system - record start
[2023-02-21T15:59:59.661] [INFO] system - users start
[2023-02-21T15:59:59.673] [INFO] system - track start
[2023-02-21T15:59:59.676] [INFO] system - select start
[2023-02-21T15:59:59.679] [INFO] system - book start
[2023-02-21T15:59:59.682] [INFO] system - todo start
[2023-02-21T15:59:59.685] [INFO] system - memo start
[2023-02-21T15:59:59.690] [INFO] system - App start
[2023-02-21T16:04:52.031] [INFO] system - users start
[2023-02-21T16:04:52.038] [INFO] system - record start
[2023-02-21T16:04:52.043] [INFO] system - track start
[2023-02-21T16:04:52.047] [INFO] system - select start
[2023-02-21T16:04:52.051] [INFO] system - book start
[2023-02-21T16:04:52.055] [INFO] system - todo start
[2023-02-21T16:04:52.058] [INFO] system - memo start
[2023-02-21T16:04:52.064] [INFO] system - App start
[2023-02-21T16:06:16.503] [INFO] system - users start
[2023-02-21T16:06:16.511] [INFO] system - record start
[2023-02-21T16:06:16.516] [INFO] system - track start
[2023-02-21T16:06:16.521] [INFO] system - select start
[2023-02-21T16:06:16.524] [INFO] system - book start
[2023-02-21T16:06:16.529] [INFO] system - todo start
[2023-02-21T16:06:16.532] [INFO] system - memo start
[2023-02-21T16:06:16.539] [INFO] system - App start
[2023-02-21T20:27:33.880] [INFO] system - users start
[2023-02-21T20:27:33.898] [INFO] system - record start
[2023-02-21T20:27:33.914] [INFO] system - track start
[2023-02-21T20:27:33.952] [INFO] system - select start
[2023-02-21T20:27:33.967] [INFO] system - book start
[2023-02-21T20:27:33.970] [INFO] system - todo start
[2023-02-21T20:27:33.992] [INFO] system - memo start
[2023-02-21T20:27:33.997] [INFO] system - App start
[2023-02-21T20:32:43.030] [INFO] system - users start
[2023-02-21T20:32:43.037] [INFO] system - record start
[2023-02-21T20:32:43.041] [INFO] system - track start
[2023-02-21T20:32:43.045] [INFO] system - select start
[2023-02-21T20:32:43.049] [INFO] system - book start
[2023-02-21T20:32:43.053] [INFO] system - todo start
[2023-02-21T20:32:43.056] [INFO] system - memo start
[2023-02-21T20:32:43.061] [INFO] system - App start
[2023-02-21T20:43:11.406] [INFO] system - users start
[2023-02-21T20:43:11.413] [INFO] system - record start
[2023-02-21T20:43:11.418] [INFO] system - track start
[2023-02-21T20:43:11.422] [INFO] system - select start
[2023-02-21T20:43:11.425] [INFO] system - book start
[2023-02-21T20:43:11.429] [INFO] system - todo start
[2023-02-21T20:43:11.432] [INFO] system - memo start
[2023-02-21T20:43:11.438] [INFO] system - App start
[2023-02-21T20:50:48.147] [INFO] system - record start
[2023-02-21T20:50:48.139] [INFO] system - users start
[2023-02-21T20:50:48.152] [INFO] system - track start
[2023-02-21T20:50:48.156] [INFO] system - select start
[2023-02-21T20:50:48.160] [INFO] system - book start
[2023-02-21T20:50:48.163] [INFO] system - todo start
[2023-02-21T20:50:48.166] [INFO] system - memo start
[2023-02-21T20:50:48.172] [INFO] system - App start
[2023-02-21T20:51:20.863] [INFO] system - record start
[2023-02-21T20:51:20.855] [INFO] system - users start
[2023-02-21T20:51:20.868] [INFO] system - track start
[2023-02-21T20:51:20.872] [INFO] system - select start
[2023-02-21T20:51:20.875] [INFO] system - book start
[2023-02-21T20:51:20.879] [INFO] system - todo start
[2023-02-21T20:51:20.882] [INFO] system - memo start
[2023-02-21T20:51:20.887] [INFO] system - App start
[2023-02-21T20:57:04.826] [INFO] system - users start
[2023-02-21T20:57:04.835] [INFO] system - record start
[2023-02-21T20:57:04.840] [INFO] system - track start
[2023-02-21T20:57:04.844] [INFO] system - select start
[2023-02-21T20:57:04.848] [INFO] system - book start
[2023-02-21T20:57:04.852] [INFO] system - todo start
[2023-02-21T20:57:04.856] [INFO] system - memo start
[2023-02-21T20:57:04.862] [INFO] system - App start
[2023-02-21T20:58:10.752] [INFO] system - record start
[2023-02-21T20:58:10.744] [INFO] system - users start
[2023-02-21T20:58:10.756] [INFO] system - track start
[2023-02-21T20:58:10.760] [INFO] system - select start
[2023-02-21T20:58:10.764] [INFO] system - book start
[2023-02-21T20:58:10.768] [INFO] system - todo start
[2023-02-21T20:58:10.772] [INFO] system - memo start
[2023-02-21T20:58:10.778] [INFO] system - App start
[2023-02-21T21:00:59.123] [INFO] system - users start
[2023-02-21T21:00:59.129] [INFO] system - record start
[2023-02-21T21:00:59.134] [INFO] system - track start
[2023-02-21T21:00:59.138] [INFO] system - select start
[2023-02-21T21:00:59.141] [INFO] system - book start
[2023-02-21T21:00:59.144] [INFO] system - todo start
[2023-02-21T21:00:59.147] [INFO] system - memo start
[2023-02-21T21:00:59.153] [INFO] system - App start
[2023-02-21T21:33:55.591] [INFO] system - users start
[2023-02-21T21:33:55.600] [INFO] system - record start
[2023-02-21T21:33:55.606] [INFO] system - track start
[2023-02-21T21:33:55.610] [INFO] system - select start
[2023-02-21T21:33:55.614] [INFO] system - book start
[2023-02-21T21:33:55.618] [INFO] system - todo start
[2023-02-21T21:33:55.622] [INFO] system - memo start
[2023-02-21T21:33:55.628] [INFO] system - App start
[2023-02-21T21:34:30.136] [INFO] system - users start
[2023-02-21T21:34:30.144] [INFO] system - record start
[2023-02-21T21:34:30.149] [INFO] system - track start
[2023-02-21T21:34:30.153] [INFO] system - select start
[2023-02-21T21:34:30.156] [INFO] system - book start
[2023-02-21T21:34:30.160] [INFO] system - todo start
[2023-02-21T21:34:30.163] [INFO] system - memo start
[2023-02-21T21:34:30.169] [INFO] system - App start
[2023-02-21T22:01:33.489] [INFO] system - record start
[2023-02-21T22:01:33.481] [INFO] system - users start
[2023-02-21T22:01:33.494] [INFO] system - track start
[2023-02-21T22:01:33.498] [INFO] system - select start
[2023-02-21T22:01:33.502] [INFO] system - book start
[2023-02-21T22:01:33.508] [INFO] system - todo start
[2023-02-21T22:01:33.511] [INFO] system - memo start
[2023-02-21T22:01:33.518] [INFO] system - App start
[2023-02-21T22:02:54.355] [INFO] system - users start
[2023-02-21T22:02:54.363] [INFO] system - record start
[2023-02-21T22:02:54.368] [INFO] system - track start
[2023-02-21T22:02:54.371] [INFO] system - select start
[2023-02-21T22:02:54.375] [INFO] system - book start
[2023-02-21T22:02:54.379] [INFO] system - todo start
[2023-02-21T22:02:54.382] [INFO] system - memo start
[2023-02-21T22:02:54.389] [INFO] system - App start
[2023-02-22T09:03:44.809] [INFO] system - users start
[2023-02-22T09:03:44.854] [INFO] system - track start
[2023-02-22T09:03:44.894] [INFO] system - select start
[2023-02-22T09:03:44.826] [INFO] system - record start
[2023-02-22T09:03:44.917] [INFO] system - book start
[2023-02-22T09:03:44.931] [INFO] system - todo start
[2023-02-22T09:03:44.999] [INFO] system - memo start
[2023-02-22T09:03:45.004] [INFO] system - App start
[2023-02-22T09:08:53.840] [INFO] system - users start
[2023-02-22T09:08:53.848] [INFO] system - record start
[2023-02-22T09:08:53.854] [INFO] system - track start
[2023-02-22T09:08:53.858] [INFO] system - select start
[2023-02-22T09:08:53.862] [INFO] system - book start
[2023-02-22T09:08:53.866] [INFO] system - todo start
[2023-02-22T09:08:53.870] [INFO] system - memo start
[2023-02-22T09:08:53.876] [INFO] system - App start
[2023-02-22T09:11:48.353] [INFO] system - users start
[2023-02-22T09:11:48.366] [INFO] system - track start
[2023-02-22T09:11:48.370] [INFO] system - select start
[2023-02-22T09:11:48.362] [INFO] system - record start
[2023-02-22T09:11:48.373] [INFO] system - book start
[2023-02-22T09:11:48.377] [INFO] system - todo start
[2023-02-22T09:11:48.380] [INFO] system - memo start
[2023-02-22T09:11:48.386] [INFO] system - App start
[2023-02-22T09:13:24.692] [INFO] system - users start
[2023-02-22T09:13:24.701] [INFO] system - record start
[2023-02-22T09:13:24.706] [INFO] system - track start
[2023-02-22T09:13:24.710] [INFO] system - select start
[2023-02-22T09:13:24.713] [INFO] system - book start
[2023-02-22T09:13:24.717] [INFO] system - todo start
[2023-02-22T09:13:24.720] [INFO] system - memo start
[2023-02-22T09:13:24.725] [INFO] system - App start
[2023-02-22T09:23:13.090] [INFO] system - users start
[2023-02-22T09:23:13.099] [INFO] system - record start
[2023-02-22T09:23:13.103] [INFO] system - track start
[2023-02-22T09:23:13.107] [INFO] system - select start
[2023-02-22T09:23:13.110] [INFO] system - book start
[2023-02-22T09:23:13.114] [INFO] system - todo start
[2023-02-22T09:23:13.117] [INFO] system - memo start
[2023-02-22T09:23:13.122] [INFO] system - App start
[2023-02-22T09:24:27.877] [INFO] system - users start
[2023-02-22T09:24:27.885] [INFO] system - record start
[2023-02-22T09:24:27.890] [INFO] system - track start
[2023-02-22T09:24:27.894] [INFO] system - select start
[2023-02-22T09:24:27.897] [INFO] system - book start
[2023-02-22T09:24:27.901] [INFO] system - todo start
[2023-02-22T09:24:27.904] [INFO] system - memo start
[2023-02-22T09:24:27.910] [INFO] system - App start
[2023-02-22T09:27:58.058] [INFO] system - record start
[2023-02-22T09:27:58.050] [INFO] system - users start
[2023-02-22T09:27:58.062] [INFO] system - track start
[2023-02-22T09:27:58.066] [INFO] system - select start
[2023-02-22T09:27:58.070] [INFO] system - book start
[2023-02-22T09:27:58.074] [INFO] system - todo start
[2023-02-22T09:27:58.078] [INFO] system - memo start
[2023-02-22T09:27:58.083] [INFO] system - App start
[2023-02-22T09:32:37.660] [INFO] system - users start
[2023-02-22T09:32:37.668] [INFO] system - record start
[2023-02-22T09:32:37.674] [INFO] system - track start
[2023-02-22T09:32:37.678] [INFO] system - select start
[2023-02-22T09:32:37.682] [INFO] system - book start
[2023-02-22T09:32:37.687] [INFO] system - todo start
[2023-02-22T09:32:37.691] [INFO] system - memo start
[2023-02-22T09:32:37.698] [INFO] system - App start
[2023-02-22T09:35:40.135] [INFO] system - users start
[2023-02-22T09:35:40.144] [INFO] system - record start
[2023-02-22T09:35:40.148] [INFO] system - track start
[2023-02-22T09:35:40.153] [INFO] system - select start
[2023-02-22T09:35:40.156] [INFO] system - book start
[2023-02-22T09:35:40.160] [INFO] system - todo start
[2023-02-22T09:35:40.163] [INFO] system - memo start
[2023-02-22T09:35:40.170] [INFO] system - App start
[2023-02-22T09:44:27.601] [INFO] system - record start
[2023-02-22T09:44:27.593] [INFO] system - users start
[2023-02-22T09:44:27.607] [INFO] system - track start
[2023-02-22T09:44:27.611] [INFO] system - select start
[2023-02-22T09:44:27.614] [INFO] system - book start
[2023-02-22T09:44:27.619] [INFO] system - todo start
[2023-02-22T09:44:27.622] [INFO] system - memo start
[2023-02-22T09:44:27.628] [INFO] system - App start
[2023-02-22T09:45:09.874] [INFO] system - record start
[2023-02-22T09:45:09.866] [INFO] system - users start
[2023-02-22T09:45:09.878] [INFO] system - track start
[2023-02-22T09:45:09.882] [INFO] system - select start
[2023-02-22T09:45:09.885] [INFO] system - book start
[2023-02-22T09:45:09.889] [INFO] system - todo start
[2023-02-22T09:45:09.892] [INFO] system - memo start
[2023-02-22T09:45:09.897] [INFO] system - App start
[2023-02-22T09:53:42.236] [INFO] system - users start
[2023-02-22T09:53:42.243] [INFO] system - record start
[2023-02-22T09:53:42.247] [INFO] system - track start
[2023-02-22T09:53:42.251] [INFO] system - select start
[2023-02-22T09:53:42.254] [INFO] system - book start
[2023-02-22T09:53:42.258] [INFO] system - todo start
[2023-02-22T09:53:42.261] [INFO] system - memo start
[2023-02-22T09:53:42.267] [INFO] system - App start
[2023-02-22T09:55:33.354] [INFO] system - users start
[2023-02-22T09:55:33.362] [INFO] system - record start
[2023-02-22T09:55:33.367] [INFO] system - track start
[2023-02-22T09:55:33.371] [INFO] system - select start
[2023-02-22T09:55:33.374] [INFO] system - book start
[2023-02-22T09:55:33.378] [INFO] system - todo start
[2023-02-22T09:55:33.382] [INFO] system - memo start
[2023-02-22T09:55:33.388] [INFO] system - App start
[2023-02-22T09:57:52.545] [INFO] system - users start
[2023-02-22T09:57:52.554] [INFO] system - record start
[2023-02-22T09:57:52.558] [INFO] system - track start
[2023-02-22T09:57:52.563] [INFO] system - select start
[2023-02-22T09:57:52.566] [INFO] system - book start
[2023-02-22T09:57:52.569] [INFO] system - todo start
[2023-02-22T09:57:52.572] [INFO] system - memo start
[2023-02-22T09:57:52.578] [INFO] system - App start
[2023-02-22T09:59:41.886] [INFO] system - users start
[2023-02-22T09:59:41.895] [INFO] system - record start
[2023-02-22T09:59:41.900] [INFO] system - track start
[2023-02-22T09:59:41.903] [INFO] system - select start
[2023-02-22T09:59:41.907] [INFO] system - book start
[2023-02-22T09:59:41.911] [INFO] system - todo start
[2023-02-22T09:59:41.914] [INFO] system - memo start
[2023-02-22T09:59:41.920] [INFO] system - App start
[2023-02-22T09:59:59.942] [INFO] system - users start
[2023-02-22T09:59:59.950] [INFO] system - record start
[2023-02-22T09:59:59.955] [INFO] system - track start
[2023-02-22T09:59:59.959] [INFO] system - select start
[2023-02-22T09:59:59.963] [INFO] system - book start
[2023-02-22T09:59:59.967] [INFO] system - todo start
[2023-02-22T09:59:59.971] [INFO] system - memo start
[2023-02-22T09:59:59.977] [INFO] system - App start
[2023-02-22T10:01:26.351] [INFO] system - record start
[2023-02-22T10:01:26.342] [INFO] system - users start
[2023-02-22T10:01:26.356] [INFO] system - track start
[2023-02-22T10:01:26.360] [INFO] system - select start
[2023-02-22T10:01:26.363] [INFO] system - book start
[2023-02-22T10:01:26.367] [INFO] system - todo start
[2023-02-22T10:01:26.371] [INFO] system - memo start
[2023-02-22T10:01:26.376] [INFO] system - App start
[2023-02-22T10:02:23.927] [INFO] system - record start
[2023-02-22T10:02:23.919] [INFO] system - users start
[2023-02-22T10:02:23.931] [INFO] system - track start
[2023-02-22T10:02:23.934] [INFO] system - select start
[2023-02-22T10:02:23.938] [INFO] system - book start
[2023-02-22T10:02:23.941] [INFO] system - todo start
[2023-02-22T10:02:23.944] [INFO] system - memo start
[2023-02-22T10:02:23.949] [INFO] system - App start
[2023-02-22T10:02:44.818] [INFO] system - users start
[2023-02-22T10:02:44.825] [INFO] system - record start
[2023-02-22T10:02:44.830] [INFO] system - track start
[2023-02-22T10:02:44.834] [INFO] system - select start
[2023-02-22T10:02:44.837] [INFO] system - book start
[2023-02-22T10:02:44.841] [INFO] system - todo start
[2023-02-22T10:02:44.845] [INFO] system - memo start
[2023-02-22T10:02:44.850] [INFO] system - App start
[2023-02-22T10:04:16.510] [INFO] system - record start
[2023-02-22T10:04:16.501] [INFO] system - users start
[2023-02-22T10:04:16.516] [INFO] system - track start
[2023-02-22T10:04:16.520] [INFO] system - select start
[2023-02-22T10:04:16.525] [INFO] system - book start
[2023-02-22T10:04:16.530] [INFO] system - todo start
[2023-02-22T10:04:16.534] [INFO] system - memo start
[2023-02-22T10:04:16.541] [INFO] system - App start
[2023-02-22T10:06:49.993] [INFO] system - users start
[2023-02-22T10:06:50.002] [INFO] system - record start
[2023-02-22T10:06:50.007] [INFO] system - track start
[2023-02-22T10:06:50.010] [INFO] system - select start
[2023-02-22T10:06:50.014] [INFO] system - book start
[2023-02-22T10:06:50.017] [INFO] system - todo start
[2023-02-22T10:06:50.021] [INFO] system - memo start
[2023-02-22T10:06:50.026] [INFO] system - App start
[2023-02-22T10:09:38.822] [INFO] system - users start
[2023-02-22T10:09:38.831] [INFO] system - record start
[2023-02-22T10:09:38.836] [INFO] system - track start
[2023-02-22T10:09:38.840] [INFO] system - select start
[2023-02-22T10:09:38.844] [INFO] system - book start
[2023-02-22T10:09:38.848] [INFO] system - todo start
[2023-02-22T10:09:38.852] [INFO] system - memo start
[2023-02-22T10:09:38.858] [INFO] system - App start
[2023-02-22T10:10:36.614] [INFO] system - users start
[2023-02-22T10:10:36.622] [INFO] system - record start
[2023-02-22T10:10:36.627] [INFO] system - track start
[2023-02-22T10:10:36.630] [INFO] system - select start
[2023-02-22T10:10:36.634] [INFO] system - book start
[2023-02-22T10:10:36.638] [INFO] system - todo start
[2023-02-22T10:10:36.641] [INFO] system - memo start
[2023-02-22T10:10:36.647] [INFO] system - App start
[2023-02-22T10:27:18.171] [INFO] system - users start
[2023-02-22T10:27:18.178] [INFO] system - record start
[2023-02-22T10:27:18.183] [INFO] system - track start
[2023-02-22T10:27:18.187] [INFO] system - select start
[2023-02-22T10:27:18.190] [INFO] system - book start
[2023-02-22T10:27:18.194] [INFO] system - todo start
[2023-02-22T10:27:18.197] [INFO] system - memo start
[2023-02-22T10:27:18.203] [INFO] system - App start
[2023-02-22T10:30:04.750] [INFO] system - users start
[2023-02-22T10:30:04.757] [INFO] system - record start
[2023-02-22T10:30:04.762] [INFO] system - track start
[2023-02-22T10:30:04.766] [INFO] system - select start
[2023-02-22T10:30:04.769] [INFO] system - book start
[2023-02-22T10:30:04.773] [INFO] system - todo start
[2023-02-22T10:30:04.775] [INFO] system - memo start
[2023-02-22T10:30:04.781] [INFO] system - App start
[2023-02-22T11:06:23.433] [INFO] system - users start
[2023-02-22T11:06:23.439] [INFO] system - record start
[2023-02-22T11:06:23.442] [INFO] system - track start
[2023-02-22T11:06:23.445] [INFO] system - select start
[2023-02-22T11:06:23.447] [INFO] system - book start
[2023-02-22T11:06:23.449] [INFO] system - todo start
[2023-02-22T11:06:23.451] [INFO] system - memo start
[2023-02-22T11:06:23.455] [INFO] system - App start
[2023-02-22T11:06:48.712] [INFO] system - users start
[2023-02-22T11:06:48.719] [INFO] system - record start
[2023-02-22T11:06:48.722] [INFO] system - track start
[2023-02-22T11:06:48.724] [INFO] system - select start
[2023-02-22T11:06:48.726] [INFO] system - book start
[2023-02-22T11:06:48.729] [INFO] system - todo start
[2023-02-22T11:06:48.730] [INFO] system - memo start
[2023-02-22T11:06:48.735] [INFO] system - App start
[2023-02-22T13:13:07.910] [INFO] system - users start
[2023-02-22T13:13:07.916] [INFO] system - record start
[2023-02-22T13:13:07.919] [INFO] system - track start
[2023-02-22T13:13:07.921] [INFO] system - select start
[2023-02-22T13:13:07.923] [INFO] system - book start
[2023-02-22T13:13:07.926] [INFO] system - todo start
[2023-02-22T13:13:07.928] [INFO] system - memo start
[2023-02-22T13:13:07.932] [INFO] system - App start
[2023-02-22T13:14:46.155] [INFO] system - users start
[2023-02-22T13:14:46.161] [INFO] system - record start
[2023-02-22T13:14:46.164] [INFO] system - track start
[2023-02-22T13:14:46.167] [INFO] system - select start
[2023-02-22T13:14:46.169] [INFO] system - book start
[2023-02-22T13:14:46.172] [INFO] system - todo start
[2023-02-22T13:14:46.173] [INFO] system - memo start
[2023-02-22T13:14:46.178] [INFO] system - App start
[2023-02-22T13:15:13.391] [INFO] system - users start
[2023-02-22T13:15:13.397] [INFO] system - record start
[2023-02-22T13:15:13.400] [INFO] system - track start
[2023-02-22T13:15:13.403] [INFO] system - select start
[2023-02-22T13:15:13.405] [INFO] system - book start
[2023-02-22T13:15:13.407] [INFO] system - todo start
[2023-02-22T13:15:13.409] [INFO] system - memo start
[2023-02-22T13:15:13.413] [INFO] system - App start
[2023-02-22T13:19:41.456] [INFO] system - users start
[2023-02-22T13:19:41.463] [INFO] system - record start
[2023-02-22T13:19:41.468] [INFO] system - track start
[2023-02-22T13:19:41.471] [INFO] system - select start
[2023-02-22T13:19:41.475] [INFO] system - book start
[2023-02-22T13:19:41.479] [INFO] system - todo start
[2023-02-22T13:19:41.482] [INFO] system - memo start
[2023-02-22T13:19:41.487] [INFO] system - App start
[2023-02-22T13:20:43.155] [INFO] system - users start
[2023-02-22T13:20:43.162] [INFO] system - record start
[2023-02-22T13:20:43.167] [INFO] system - track start
[2023-02-22T13:20:43.170] [INFO] system - select start
[2023-02-22T13:20:43.173] [INFO] system - book start
[2023-02-22T13:20:43.177] [INFO] system - todo start
[2023-02-22T13:20:43.180] [INFO] system - memo start
[2023-02-22T13:20:43.185] [INFO] system - App start
[2023-02-22T13:24:04.565] [INFO] system - users start
[2023-02-22T13:24:04.573] [INFO] system - record start
[2023-02-22T13:24:04.577] [INFO] system - track start
[2023-02-22T13:24:04.582] [INFO] system - select start
[2023-02-22T13:24:04.585] [INFO] system - book start
[2023-02-22T13:24:04.589] [INFO] system - todo start
[2023-02-22T13:24:04.592] [INFO] system - memo start
[2023-02-22T13:24:04.598] [INFO] system - App start
[2023-02-22T13:24:23.969] [INFO] system - users start
[2023-02-22T13:24:23.976] [INFO] system - record start
[2023-02-22T13:24:23.981] [INFO] system - track start
[2023-02-22T13:24:23.984] [INFO] system - select start
[2023-02-22T13:24:23.987] [INFO] system - book start
[2023-02-22T13:24:23.991] [INFO] system - todo start
[2023-02-22T13:24:23.993] [INFO] system - memo start
[2023-02-22T13:24:23.999] [INFO] system - App start
[2023-02-22T13:25:38.836] [INFO] system - users start
[2023-02-22T13:25:38.844] [INFO] system - record start
[2023-02-22T13:25:38.848] [INFO] system - track start
[2023-02-22T13:25:38.852] [INFO] system - select start
[2023-02-22T13:25:38.855] [INFO] system - book start
[2023-02-22T13:25:38.860] [INFO] system - todo start
[2023-02-22T13:25:38.864] [INFO] system - memo start
[2023-02-22T13:25:38.869] [INFO] system - App start
[2023-02-22T13:39:16.007] [INFO] system - record start
[2023-02-22T13:39:16.000] [INFO] system - users start
[2023-02-22T13:39:16.011] [INFO] system - track start
[2023-02-22T13:39:16.015] [INFO] system - select start
[2023-02-22T13:39:16.018] [INFO] system - book start
[2023-02-22T13:39:16.023] [INFO] system - todo start
[2023-02-22T13:39:16.026] [INFO] system - memo start
[2023-02-22T13:39:16.031] [INFO] system - App start
[2023-02-22T13:40:27.664] [INFO] system - users start
[2023-02-22T13:40:27.676] [INFO] system - track start
[2023-02-22T13:40:27.672] [INFO] system - record start
[2023-02-22T13:40:27.680] [INFO] system - select start
[2023-02-22T13:40:27.683] [INFO] system - book start
[2023-02-22T13:40:27.687] [INFO] system - todo start
[2023-02-22T13:40:27.690] [INFO] system - memo start
[2023-02-22T13:40:27.695] [INFO] system - App start
[2023-02-22T13:41:33.035] [INFO] system - users start
[2023-02-22T13:41:33.042] [INFO] system - record start
[2023-02-22T13:41:33.047] [INFO] system - track start
[2023-02-22T13:41:33.050] [INFO] system - select start
[2023-02-22T13:41:33.053] [INFO] system - book start
[2023-02-22T13:41:33.057] [INFO] system - todo start
[2023-02-22T13:41:33.061] [INFO] system - memo start
[2023-02-22T13:41:33.068] [INFO] system - App start
[2023-02-22T13:41:54.494] [INFO] system - record start
[2023-02-22T13:41:54.487] [INFO] system - users start
[2023-02-22T13:41:54.499] [INFO] system - track start
[2023-02-22T13:41:54.502] [INFO] system - select start
[2023-02-22T13:41:54.506] [INFO] system - book start
[2023-02-22T13:41:54.510] [INFO] system - todo start
[2023-02-22T13:41:54.513] [INFO] system - memo start
[2023-02-22T13:41:54.519] [INFO] system - App start
[2023-02-22T13:43:31.035] [INFO] system - users start
[2023-02-22T13:43:31.044] [INFO] system - record start
[2023-02-22T13:43:31.048] [INFO] system - track start
[2023-02-22T13:43:31.052] [INFO] system - select start
[2023-02-22T13:43:31.056] [INFO] system - book start
[2023-02-22T13:43:31.060] [INFO] system - todo start
[2023-02-22T13:43:31.063] [INFO] system - memo start
[2023-02-22T13:43:31.069] [INFO] system - App start
[2023-02-22T13:45:27.279] [INFO] system - users start
[2023-02-22T13:45:27.287] [INFO] system - record start
[2023-02-22T13:45:27.292] [INFO] system - track start
[2023-02-22T13:45:27.296] [INFO] system - select start
[2023-02-22T13:45:27.299] [INFO] system - book start
[2023-02-22T13:45:27.304] [INFO] system - todo start
[2023-02-22T13:45:27.307] [INFO] system - memo start
[2023-02-22T13:45:27.312] [INFO] system - App start
[2023-02-22T13:46:11.217] [INFO] system - users start
[2023-02-22T13:46:11.225] [INFO] system - record start
[2023-02-22T13:46:11.229] [INFO] system - track start
[2023-02-22T13:46:11.233] [INFO] system - select start
[2023-02-22T13:46:11.236] [INFO] system - book start
[2023-02-22T13:46:11.240] [INFO] system - todo start
[2023-02-22T13:46:11.243] [INFO] system - memo start
[2023-02-22T13:46:11.249] [INFO] system - App start
[2023-02-22T13:46:30.959] [INFO] system - users start
[2023-02-22T13:46:30.967] [INFO] system - record start
[2023-02-22T13:46:30.971] [INFO] system - track start
[2023-02-22T13:46:30.975] [INFO] system - select start
[2023-02-22T13:46:30.978] [INFO] system - book start
[2023-02-22T13:46:30.982] [INFO] system - todo start
[2023-02-22T13:46:30.984] [INFO] system - memo start
[2023-02-22T13:46:30.989] [INFO] system - App start
[2023-02-22T13:47:21.836] [INFO] system - users start
[2023-02-22T13:47:21.843] [INFO] system - record start
[2023-02-22T13:47:21.847] [INFO] system - track start
[2023-02-22T13:47:21.851] [INFO] system - select start
[2023-02-22T13:47:21.854] [INFO] system - book start
[2023-02-22T13:47:21.858] [INFO] system - todo start
[2023-02-22T13:47:21.861] [INFO] system - memo start
[2023-02-22T13:47:21.866] [INFO] system - App start
[2023-02-22T13:50:16.584] [INFO] system - record start
[2023-02-22T13:50:16.577] [INFO] system - users start
[2023-02-22T13:50:16.589] [INFO] system - track start
[2023-02-22T13:50:16.592] [INFO] system - select start
[2023-02-22T13:50:16.595] [INFO] system - book start
[2023-02-22T13:50:16.599] [INFO] system - todo start
[2023-02-22T13:50:16.602] [INFO] system - memo start
[2023-02-22T13:50:16.608] [INFO] system - App start
[2023-02-22T13:50:30.381] [INFO] system - users start
[2023-02-22T13:50:30.388] [INFO] system - record start
[2023-02-22T13:50:30.393] [INFO] system - track start
[2023-02-22T13:50:30.396] [INFO] system - select start
[2023-02-22T13:50:30.400] [INFO] system - book start
[2023-02-22T13:50:30.403] [INFO] system - todo start
[2023-02-22T13:50:30.407] [INFO] system - memo start
[2023-02-22T13:50:30.412] [INFO] system - App start
[2023-02-22T13:51:49.813] [INFO] system - users start
[2023-02-22T13:51:49.820] [INFO] system - record start
[2023-02-22T13:51:49.825] [INFO] system - track start
[2023-02-22T13:51:49.828] [INFO] system - select start
[2023-02-22T13:51:49.832] [INFO] system - book start
[2023-02-22T13:51:49.836] [INFO] system - todo start
[2023-02-22T13:51:49.840] [INFO] system - memo start
[2023-02-22T13:51:49.846] [INFO] system - App start
[2023-02-22T13:52:02.409] [INFO] system - users start
[2023-02-22T13:52:02.416] [INFO] system - record start
[2023-02-22T13:52:02.422] [INFO] system - track start
[2023-02-22T13:52:02.425] [INFO] system - select start
[2023-02-22T13:52:02.429] [INFO] system - book start
[2023-02-22T13:52:02.432] [INFO] system - todo start
[2023-02-22T13:52:02.435] [INFO] system - memo start
[2023-02-22T13:52:02.441] [INFO] system - App start
[2023-02-22T13:52:53.171] [INFO] system - users start
[2023-02-22T13:52:53.179] [INFO] system - record start
[2023-02-22T13:52:53.183] [INFO] system - track start
[2023-02-22T13:52:53.187] [INFO] system - select start
[2023-02-22T13:52:53.190] [INFO] system - book start
[2023-02-22T13:52:53.194] [INFO] system - todo start
[2023-02-22T13:52:53.197] [INFO] system - memo start
[2023-02-22T13:52:53.202] [INFO] system - App start
[2023-02-22T13:53:12.842] [INFO] system - record start
[2023-02-22T13:53:12.834] [INFO] system - users start
[2023-02-22T13:53:12.847] [INFO] system - track start
[2023-02-22T13:53:12.852] [INFO] system - select start
[2023-02-22T13:53:12.855] [INFO] system - book start
[2023-02-22T13:53:12.860] [INFO] system - todo start
[2023-02-22T13:53:12.863] [INFO] system - memo start
[2023-02-22T13:53:12.869] [INFO] system - App start
[2023-02-22T13:55:15.055] [INFO] system - users start
[2023-02-22T13:55:15.063] [INFO] system - record start
[2023-02-22T13:55:15.068] [INFO] system - track start
[2023-02-22T13:55:15.072] [INFO] system - select start
[2023-02-22T13:55:15.075] [INFO] system - book start
[2023-02-22T13:55:15.080] [INFO] system - todo start
[2023-02-22T13:55:15.083] [INFO] system - memo start
[2023-02-22T13:55:15.088] [INFO] system - App start
[2023-02-22T13:55:34.422] [INFO] system - users start
[2023-02-22T13:55:34.430] [INFO] system - record start
[2023-02-22T13:55:34.435] [INFO] system - track start
[2023-02-22T13:55:34.438] [INFO] system - select start
[2023-02-22T13:55:34.442] [INFO] system - book start
[2023-02-22T13:55:34.446] [INFO] system - todo start
[2023-02-22T13:55:34.449] [INFO] system - memo start
[2023-02-22T13:55:34.454] [INFO] system - App start
[2023-02-22T13:56:41.029] [INFO] system - users start
[2023-02-22T13:56:41.036] [INFO] system - record start
[2023-02-22T13:56:41.041] [INFO] system - track start
[2023-02-22T13:56:41.045] [INFO] system - select start
[2023-02-22T13:56:41.048] [INFO] system - book start
[2023-02-22T13:56:41.052] [INFO] system - todo start
[2023-02-22T13:56:41.056] [INFO] system - memo start
[2023-02-22T13:56:41.061] [INFO] system - App start
[2023-02-22T13:58:37.288] [INFO] system - users start
[2023-02-22T13:58:37.296] [INFO] system - record start
[2023-02-22T13:58:37.300] [INFO] system - track start
[2023-02-22T13:58:37.304] [INFO] system - select start
[2023-02-22T13:58:37.308] [INFO] system - book start
[2023-02-22T13:58:37.312] [INFO] system - todo start
[2023-02-22T13:58:37.316] [INFO] system - memo start
[2023-02-22T13:58:37.322] [INFO] system - App start
[2023-02-22T13:59:11.743] [INFO] system - users start
[2023-02-22T13:59:11.751] [INFO] system - record start
[2023-02-22T13:59:11.755] [INFO] system - track start
[2023-02-22T13:59:11.759] [INFO] system - select start
[2023-02-22T13:59:11.763] [INFO] system - book start
[2023-02-22T13:59:11.767] [INFO] system - todo start
[2023-02-22T13:59:11.771] [INFO] system - memo start
[2023-02-22T13:59:11.777] [INFO] system - App start
[2023-02-23T03:34:30.629] [INFO] system - users start
[2023-02-23T03:34:30.640] [INFO] system - record start
[2023-02-23T03:34:30.646] [INFO] system - track start
[2023-02-23T03:34:30.651] [INFO] system - select start
[2023-02-23T03:34:30.655] [INFO] system - book start
[2023-02-23T03:34:30.661] [INFO] system - todo start
[2023-02-23T03:34:30.665] [INFO] system - memo start
[2023-02-23T03:34:30.671] [INFO] system - App start
[2023-02-23T03:35:26.885] [INFO] system - users start
[2023-02-23T03:35:26.895] [INFO] system - record start
[2023-02-23T03:35:26.899] [INFO] system - track start
[2023-02-23T03:35:26.902] [INFO] system - select start
[2023-02-23T03:35:26.906] [INFO] system - book start
[2023-02-23T03:35:26.910] [INFO] system - todo start
[2023-02-23T03:35:26.914] [INFO] system - memo start
[2023-02-23T03:35:26.919] [INFO] system - App start
[2023-02-23T03:36:24.796] [INFO] system - users start
[2023-02-23T03:36:24.805] [INFO] system - record start
[2023-02-23T03:36:24.809] [INFO] system - track start
[2023-02-23T03:36:24.814] [INFO] system - select start
[2023-02-23T03:36:24.817] [INFO] system - book start
[2023-02-23T03:36:24.822] [INFO] system - todo start
[2023-02-23T03:36:24.825] [INFO] system - memo start
[2023-02-23T03:36:24.831] [INFO] system - App start
[2023-02-23T03:40:01.274] [INFO] system - users start
[2023-02-23T03:40:01.283] [INFO] system - record start
[2023-02-23T03:40:01.289] [INFO] system - track start
[2023-02-23T03:40:01.293] [INFO] system - select start
[2023-02-23T03:40:01.296] [INFO] system - book start
[2023-02-23T03:40:01.300] [INFO] system - todo start
[2023-02-23T03:40:01.304] [INFO] system - memo start
[2023-02-23T03:40:01.310] [INFO] system - App start
[2023-02-23T03:40:30.652] [INFO] system - record start
[2023-02-23T03:40:30.644] [INFO] system - users start
[2023-02-23T03:40:30.657] [INFO] system - track start
[2023-02-23T03:40:30.661] [INFO] system - select start
[2023-02-23T03:40:30.664] [INFO] system - book start
[2023-02-23T03:40:30.669] [INFO] system - todo start
[2023-02-23T03:40:30.672] [INFO] system - memo start
[2023-02-23T03:40:30.678] [INFO] system - App start
[2023-02-23T03:46:50.994] [INFO] system - users start
[2023-02-23T03:46:51.003] [INFO] system - record start
[2023-02-23T03:46:51.008] [INFO] system - track start
[2023-02-23T03:46:51.012] [INFO] system - select start
[2023-02-23T03:46:51.016] [INFO] system - book start
[2023-02-23T03:46:51.021] [INFO] system - todo start
[2023-02-23T03:46:51.024] [INFO] system - memo start
[2023-02-23T03:46:51.030] [INFO] system - App start
[2023-02-23T03:47:42.180] [INFO] system - record start
[2023-02-23T03:47:42.173] [INFO] system - users start
[2023-02-23T03:47:42.186] [INFO] system - track start
[2023-02-23T03:47:42.190] [INFO] system - select start
[2023-02-23T03:47:42.193] [INFO] system - book start
[2023-02-23T03:47:42.198] [INFO] system - todo start
[2023-02-23T03:47:42.201] [INFO] system - memo start
[2023-02-23T03:47:42.207] [INFO] system - App start
[2023-02-23T03:48:47.845] [INFO] system - users start
[2023-02-23T03:48:47.853] [INFO] system - record start
[2023-02-23T03:48:47.858] [INFO] system - track start
[2023-02-23T03:48:47.862] [INFO] system - select start
[2023-02-23T03:48:47.865] [INFO] system - book start
[2023-02-23T03:48:47.870] [INFO] system - todo start
[2023-02-23T03:48:47.873] [INFO] system - memo start
[2023-02-23T03:48:47.879] [INFO] system - App start
[2023-02-23T03:49:47.796] [INFO] system - users start
[2023-02-23T03:49:47.804] [INFO] system - record start
[2023-02-23T03:49:47.808] [INFO] system - track start
[2023-02-23T03:49:47.812] [INFO] system - select start
[2023-02-23T03:49:47.817] [INFO] system - book start
[2023-02-23T03:49:47.822] [INFO] system - todo start
[2023-02-23T03:49:47.825] [INFO] system - memo start
[2023-02-23T03:49:47.830] [INFO] system - App start
[2023-02-23T03:50:17.230] [INFO] system - users start
[2023-02-23T03:50:17.239] [INFO] system - record start
[2023-02-23T03:50:17.243] [INFO] system - track start
[2023-02-23T03:50:17.247] [INFO] system - select start
[2023-02-23T03:50:17.251] [INFO] system - book start
[2023-02-23T03:50:17.255] [INFO] system - todo start
[2023-02-23T03:50:17.259] [INFO] system - memo start
[2023-02-23T03:50:17.265] [INFO] system - App start
[2023-02-23T03:53:44.770] [INFO] system - users start
[2023-02-23T03:53:44.778] [INFO] system - record start
[2023-02-23T03:53:44.782] [INFO] system - track start
[2023-02-23T03:53:44.786] [INFO] system - select start
[2023-02-23T03:53:44.789] [INFO] system - book start
[2023-02-23T03:53:44.793] [INFO] system - todo start
[2023-02-23T03:53:44.796] [INFO] system - memo start
[2023-02-23T03:53:44.802] [INFO] system - App start
[2023-02-23T03:55:02.553] [INFO] system - users start
[2023-02-23T03:55:02.562] [INFO] system - record start
[2023-02-23T03:55:02.567] [INFO] system - track start
[2023-02-23T03:55:02.571] [INFO] system - select start
[2023-02-23T03:55:02.575] [INFO] system - book start
[2023-02-23T03:55:02.580] [INFO] system - todo start
[2023-02-23T03:55:02.583] [INFO] system - memo start
[2023-02-23T03:55:02.589] [INFO] system - App start
[2023-02-23T03:58:37.794] [INFO] system - users start
[2023-02-23T03:58:37.803] [INFO] system - record start
[2023-02-23T03:58:37.809] [INFO] system - track start
[2023-02-23T03:58:37.814] [INFO] system - select start
[2023-02-23T03:58:37.818] [INFO] system - book start
[2023-02-23T03:58:37.823] [INFO] system - todo start
[2023-02-23T03:58:37.827] [INFO] system - memo start
[2023-02-23T03:58:37.833] [INFO] system - App start
[2023-02-23T03:59:52.852] [INFO] system - users start
[2023-02-23T03:59:52.860] [INFO] system - record start
[2023-02-23T03:59:52.865] [INFO] system - track start
[2023-02-23T03:59:52.869] [INFO] system - select start
[2023-02-23T03:59:52.872] [INFO] system - book start
[2023-02-23T03:59:52.877] [INFO] system - todo start
[2023-02-23T03:59:52.881] [INFO] system - memo start
[2023-02-23T03:59:52.886] [INFO] system - App start
[2023-02-23T04:01:06.900] [INFO] system - users start
[2023-02-23T04:01:06.909] [INFO] system - record start
[2023-02-23T04:01:06.913] [INFO] system - track start
[2023-02-23T04:01:06.918] [INFO] system - select start
[2023-02-23T04:01:06.922] [INFO] system - book start
[2023-02-23T04:01:06.926] [INFO] system - todo start
[2023-02-23T04:01:06.929] [INFO] system - memo start
[2023-02-23T04:01:06.936] [INFO] system - App start
[2023-02-23T04:01:57.170] [INFO] system - record start
[2023-02-23T04:01:57.162] [INFO] system - users start
[2023-02-23T04:01:57.176] [INFO] system - track start
[2023-02-23T04:01:57.180] [INFO] system - select start
[2023-02-23T04:01:57.183] [INFO] system - book start
[2023-02-23T04:01:57.187] [INFO] system - todo start
[2023-02-23T04:01:57.190] [INFO] system - memo start
[2023-02-23T04:01:57.196] [INFO] system - App start
[2023-02-23T04:05:16.169] [INFO] system - record start
[2023-02-23T04:05:16.161] [INFO] system - users start
[2023-02-23T04:05:16.174] [INFO] system - track start
[2023-02-23T04:05:16.179] [INFO] system - select start
[2023-02-23T04:05:16.182] [INFO] system - book start
[2023-02-23T04:05:16.187] [INFO] system - todo start
[2023-02-23T04:05:16.190] [INFO] system - memo start
[2023-02-23T04:05:16.196] [INFO] system - App start
[2023-02-23T04:06:30.812] [INFO] system - users start
[2023-02-23T04:06:30.820] [INFO] system - record start
[2023-02-23T04:06:30.825] [INFO] system - track start
[2023-02-23T04:06:30.829] [INFO] system - select start
[2023-02-23T04:06:30.833] [INFO] system - book start
[2023-02-23T04:06:30.837] [INFO] system - todo start
[2023-02-23T04:06:30.841] [INFO] system - memo start
[2023-02-23T04:06:30.846] [INFO] system - App start
[2023-02-23T04:06:32.871] [INFO] system - users start
[2023-02-23T04:06:32.879] [INFO] system - record start
[2023-02-23T04:06:32.884] [INFO] system - track start
[2023-02-23T04:06:32.888] [INFO] system - select start
[2023-02-23T04:06:32.892] [INFO] system - book start
[2023-02-23T04:06:32.896] [INFO] system - todo start
[2023-02-23T04:06:32.900] [INFO] system - memo start
[2023-02-23T04:06:32.906] [INFO] system - App start
[2023-02-23T04:07:52.726] [INFO] system - record start
[2023-02-23T04:07:52.717] [INFO] system - users start
[2023-02-23T04:07:52.730] [INFO] system - track start
[2023-02-23T04:07:52.735] [INFO] system - select start
[2023-02-23T04:07:52.739] [INFO] system - book start
[2023-02-23T04:07:52.743] [INFO] system - todo start
[2023-02-23T04:07:52.746] [INFO] system - memo start
[2023-02-23T04:07:52.752] [INFO] system - App start
[2023-02-23T04:13:13.577] [INFO] system - users start
[2023-02-23T04:13:13.584] [INFO] system - record start
[2023-02-23T04:13:13.588] [INFO] system - track start
[2023-02-23T04:13:13.592] [INFO] system - select start
[2023-02-23T04:13:13.596] [INFO] system - book start
[2023-02-23T04:13:13.601] [INFO] system - todo start
[2023-02-23T04:13:13.604] [INFO] system - memo start
[2023-02-23T04:13:13.611] [INFO] system - App start
[2023-02-23T04:13:27.174] [INFO] system - record start
[2023-02-23T04:13:27.165] [INFO] system - users start
[2023-02-23T04:13:27.179] [INFO] system - track start
[2023-02-23T04:13:27.183] [INFO] system - select start
[2023-02-23T04:13:27.187] [INFO] system - book start
[2023-02-23T04:13:27.191] [INFO] system - todo start
[2023-02-23T04:13:27.195] [INFO] system - memo start
[2023-02-23T04:13:27.201] [INFO] system - App start
[2023-02-23T20:34:43.302] [INFO] system - users start
[2023-02-23T20:34:43.309] [INFO] system - record start
[2023-02-23T20:34:43.317] [INFO] system - select start
[2023-02-23T20:34:43.313] [INFO] system - track start
[2023-02-23T20:34:43.320] [INFO] system - book start
[2023-02-23T20:34:43.324] [INFO] system - todo start
[2023-02-23T20:34:43.327] [INFO] system - memo start
[2023-02-23T20:34:43.333] [INFO] system - App start
[2023-02-23T20:37:21.990] [INFO] system - users start
[2023-02-23T20:37:21.997] [INFO] system - record start
[2023-02-23T20:37:22.002] [INFO] system - track start
[2023-02-23T20:37:22.006] [INFO] system - select start
[2023-02-23T20:37:22.009] [INFO] system - book start
[2023-02-23T20:37:22.013] [INFO] system - todo start
[2023-02-23T20:37:22.016] [INFO] system - memo start
[2023-02-23T20:37:22.022] [INFO] system - App start
[2023-02-23T20:41:25.124] [INFO] system - users start
[2023-02-23T20:41:25.132] [INFO] system - record start
[2023-02-23T20:41:25.137] [INFO] system - track start
[2023-02-23T20:41:25.140] [INFO] system - select start
[2023-02-23T20:41:25.144] [INFO] system - book start
[2023-02-23T20:41:25.147] [INFO] system - todo start
[2023-02-23T20:41:25.150] [INFO] system - memo start
[2023-02-23T20:41:25.155] [INFO] system - App start
[2023-02-23T20:47:36.453] [INFO] system - users start
[2023-02-23T20:47:36.461] [INFO] system - record start
[2023-02-23T20:47:36.466] [INFO] system - track start
[2023-02-23T20:47:36.469] [INFO] system - select start
[2023-02-23T20:47:36.472] [INFO] system - book start
[2023-02-23T20:47:36.476] [INFO] system - todo start
[2023-02-23T20:47:36.480] [INFO] system - memo start
[2023-02-23T20:47:36.485] [INFO] system - App start
[2023-02-23T20:49:02.631] [INFO] system - users start
[2023-02-23T20:49:02.638] [INFO] system - record start
[2023-02-23T20:49:02.642] [INFO] system - track start
[2023-02-23T20:49:02.646] [INFO] system - select start
[2023-02-23T20:49:02.649] [INFO] system - book start
[2023-02-23T20:49:02.653] [INFO] system - todo start
[2023-02-23T20:49:02.656] [INFO] system - memo start
[2023-02-23T20:49:02.661] [INFO] system - App start
[2023-02-23T20:52:44.879] [INFO] system - users start
[2023-02-23T20:52:44.886] [INFO] system - record start
[2023-02-23T20:52:44.891] [INFO] system - track start
[2023-02-23T20:52:44.894] [INFO] system - select start
[2023-02-23T20:52:44.898] [INFO] system - book start
[2023-02-23T20:52:44.902] [INFO] system - todo start
[2023-02-23T20:52:44.905] [INFO] system - memo start
[2023-02-23T20:52:44.910] [INFO] system - App start
[2023-02-23T20:55:19.213] [INFO] system - users start
[2023-02-23T20:55:19.220] [INFO] system - record start
[2023-02-23T20:55:19.224] [INFO] system - track start
[2023-02-23T20:55:19.228] [INFO] system - select start
[2023-02-23T20:55:19.231] [INFO] system - book start
[2023-02-23T20:55:19.235] [INFO] system - todo start
[2023-02-23T20:55:19.238] [INFO] system - memo start
[2023-02-23T20:55:19.243] [INFO] system - App start
[2023-02-23T20:57:05.568] [INFO] system - users start
[2023-02-23T20:57:05.576] [INFO] system - record start
[2023-02-23T20:57:05.580] [INFO] system - track start
[2023-02-23T20:57:05.584] [INFO] system - select start
[2023-02-23T20:57:05.588] [INFO] system - book start
[2023-02-23T20:57:05.592] [INFO] system - todo start
[2023-02-23T20:57:05.595] [INFO] system - memo start
[2023-02-23T20:57:05.601] [INFO] system - App start
[2023-02-23T21:17:40.022] [INFO] system - record start
[2023-02-23T21:17:40.014] [INFO] system - users start
[2023-02-23T21:17:40.026] [INFO] system - track start
[2023-02-23T21:17:40.030] [INFO] system - select start
[2023-02-23T21:17:40.033] [INFO] system - book start
[2023-02-23T21:17:40.037] [INFO] system - todo start
[2023-02-23T21:17:40.040] [INFO] system - memo start
[2023-02-23T21:17:40.045] [INFO] system - App start
[2023-02-23T21:19:11.846] [INFO] system - users start
[2023-02-23T21:19:11.854] [INFO] system - record start
[2023-02-23T21:19:11.859] [INFO] system - track start
[2023-02-23T21:19:11.863] [INFO] system - select start
[2023-02-23T21:19:11.866] [INFO] system - book start
[2023-02-23T21:19:11.870] [INFO] system - todo start
[2023-02-23T21:19:11.873] [INFO] system - memo start
[2023-02-23T21:19:11.879] [INFO] system - App start
[2023-02-24T07:35:23.961] [INFO] system - users start
[2023-02-24T07:35:23.972] [INFO] system - record start
[2023-02-24T07:35:23.977] [INFO] system - track start
[2023-02-24T07:35:23.982] [INFO] system - select start
[2023-02-24T07:35:23.987] [INFO] system - book start
[2023-02-24T07:35:23.991] [INFO] system - todo start
[2023-02-24T07:35:23.995] [INFO] system - memo start
[2023-02-24T07:35:24.003] [INFO] system - App start
